Charm++: standalone mode (not using charmrun)
Charm++> Running in Multicore mode: 20 threads (PEs)
Charm++> Using recursive bisection (scheme 3) for topology aware partitions
Converse/Charm++ Commit ID: v6.10.2-0-g7bf00fa-namd-charm-6.10.2-build-2020-Aug-05-556
Warning> Randomization of virtual memory (ASLR) is turned on in the kernel, thread migration may not work! Run 'echo 0 > /proc/sys/kernel/randomize_va_space' as root to disable it, or try running with '+isomalloc_sync'.
CharmLB> Load balancer assumes all CPUs are same.
Charm++> Running on 1 hosts (1 sockets x 16 cores x 2 PUs = 32-way SMP)
Charm++> cpu topology info is gathered in 0.000 seconds.
Info: Built with CUDA version 11080
Did not find +devices i,j,k,... argument, using all
Pe 0 physical rank 0 will use CUDA device of pe 16
Pe 7 physical rank 7 will use CUDA device of pe 16
Pe 14 physical rank 14 will use CUDA device of pe 16
Pe 4 physical rank 4 will use CUDA device of pe 16
Pe 8 physical rank 8 will use CUDA device of pe 16
Pe 17 physical rank 17 will use CUDA device of pe 16
Pe 15 physical rank 15 will use CUDA device of pe 16
Pe 3 physical rank 3 will use CUDA device of pe 16
Pe 11 physical rank 11 will use CUDA device of pe 16
Pe 1 physical rank 1 will use CUDA device of pe 16
Pe 2 physical rank 2 will use CUDA device of pe 16
Pe 6 physical rank 6 will use CUDA device of pe 16
Pe 5 physical rank 5 will use CUDA device of pe 16
Pe 19 physical rank 19 will use CUDA device of pe 16
Pe 13 physical rank 13 will use CUDA device of pe 16
Pe 18 physical rank 18 will use CUDA device of pe 16
Pe 9 physical rank 9 will use CUDA device of pe 16
Pe 10 physical rank 10 will use CUDA device of pe 16
Pe 12 physical rank 12 will use CUDA device of pe 16
Pe 16 physical rank 16 binding to CUDA device 0 on PRL-VERMAAS-WS9: 'NVIDIA GeForce RTX 4090'  Mem: 24077MB  Rev: 8.9  PCI: 0:1:0
Info: NAMD 2.14 for Linux-x86_64-multicore-CUDA
Info: 
Info: Please visit http://www.ks.uiuc.edu/Research/namd/
Info: for updates, documentation, and support information.
Info: 
Info: Please cite Phillips et al., J. Chem. Phys. 153:044130 (2020) doi:10.1063/5.0014475
Info: in all publications reporting results obtained with NAMD.
Info: 
Info: Based on Charm++/Converse 61002 for multicore-linux-x86_64
Info: Built Mon Dec 19 03:29:39 PM EST 2022 by josh on PRL-VERMAAS-WS6
Info: 1 NAMD  2.14  Linux-x86_64-multicore-CUDA  20    PRL-VERMAAS-WS9  nitin
Info: Running on 20 processors, 1 nodes, 1 physical nodes.
Info: CPU topology information available.
Info: Charm++/Converse parallel runtime startup completed at 0.151146 s
CkLoopLib is used in SMP with simple dynamic scheduling (converse-level notification)
Info: 109 MB of memory in use based on /proc/self/stat
Info: Configuration file is md.in
Info: Working in the current directory /serviceberry/tank/nitin/small_molecule/channels/norA_data_scores/md_simulations/westpa/WESTPA2.0-NAMD-main/norA_onlyprotein/traj_segs/000001/000005
TCL: Suspending until startup complete.
Info: EXTENDED SYSTEM FILE   parent.xsc
Info: SIMULATION PARAMETERS:
Info: TIMESTEP               2
Info: NUMBER OF STEPS        0
Info: STEPS PER CYCLE        200
Info: PERIODIC CELL BASIS 1  100 0 0
Info: PERIODIC CELL BASIS 2  0 100 0
Info: PERIODIC CELL BASIS 3  0 0 100
Info: PERIODIC CELL CENTER   0.16 -0.04 0
Info: LOAD BALANCER  Centralized
Info: LOAD BALANCING STRATEGY  New Load Balancers -- DEFAULT
Info: LDB PERIOD             40000 steps
Info: FIRST LDB TIMESTEP     1000
Info: LAST LDB TIMESTEP     -1
Info: LDB BACKGROUND SCALING 1
Info: HOM BACKGROUND SCALING 1
Info: PME BACKGROUND SCALING 1
Info: MIN ATOMS PER PATCH    40
Info: VELOCITY FILE          parent.vel
Info: CENTER OF MASS MOVING INITIALLY? NO
Info: DIELECTRIC             1
Info: EXCLUDE                SCALED ONE-FOUR
Info: 1-4 ELECTROSTATICS SCALED BY 1
Info: MODIFIED 1-4 VDW PARAMETERS WILL BE USED
Info: DCD FILENAME           seg.dcd
Info: DCD FREQUENCY          500
Info: DCD FIRST STEP         500
Info: DCD FILE WILL CONTAIN UNIT CELL DATA
Info: NO EXTENDED SYSTEM TRAJECTORY OUTPUT
Info: NO VELOCITY DCD OUTPUT
Info: NO FORCE DCD OUTPUT
Info: OUTPUT FILENAME        seg
Info: BINARY OUTPUT FILES WILL BE USED
Info: RESTART FILENAME       seg.restart
Info: RESTART FREQUENCY      10000
Info: BINARY RESTART FILES WILL BE USED
Info: SWITCHING ACTIVE
Info: VDW FORCE SWITCHING ACTIVE
Info: SWITCHING ON           10
Info: SWITCHING OFF          12
Info: PAIRLIST DISTANCE      14
Info: PAIRLIST SHRINK RATE   0.01
Info: PAIRLIST GROW RATE     0.01
Info: PAIRLIST TRIGGER       0.3
Info: PAIRLISTS PER CYCLE    2
Info: PAIRLISTS ENABLED
Info: MARGIN                 8
Warning: MARGIN IS UNUSUALLY LARGE AND WILL LOWER PERFORMANCE
Warning: MARGIN INCREASED PATCH VOLUME BY A FACTOR OF 3.27376
Info: HYDROGEN GROUP CUTOFF  2.5
Info: PATCH DIMENSION        24.5
Info: ENERGY OUTPUT STEPS    500
Info: CROSSTERM ENERGY INCLUDED IN DIHEDRAL
Info: TIMING OUTPUT STEPS    1000
Info: LANGEVIN DYNAMICS ACTIVE
Info: LANGEVIN TEMPERATURE   298
Info: LANGEVIN USING BBK INTEGRATOR
Info: LANGEVIN DAMPING COEFFICIENT IS 1 INVERSE PS
Info: LANGEVIN DYNAMICS NOT APPLIED TO HYDROGENS
Info: PARTICLE MESH EWALD (PME) ACTIVE
Info: PME TOLERANCE               1e-06
Info: PME EWALD COEFFICIENT       0.257952
Info: PME INTERPOLATION ORDER     4
Info: PME GRID DIMENSIONS         108 108 108
Info: PME MAXIMUM GRID SPACING    1
Info: Attempting to read FFTW data from system
Info: Attempting to read FFTW data from FFTW_NAMD_2.14_Linux-x86_64-multicore-CUDA_FFTW3.txt
Info: Optimizing 6 FFT steps.  1... 2... 3... 4... 5... 6...   Done.
Info: Writing FFTW data to FFTW_NAMD_2.14_Linux-x86_64-multicore-CUDA_FFTW3.txt
Info: FULL ELECTROSTATIC EVALUATION FREQUENCY      2
Info: USING VERLET I (r-RESPA) MTS SCHEME.
Info: C1 SPLITTING OF LONG RANGE ELECTROSTATICS
Info: PLACING ATOMS IN PATCHES BY HYDROGEN GROUPS
Info: RIGID BONDS TO HYDROGEN : ALL
Info:         ERROR TOLERANCE : 1e-08
Info:          MAX ITERATIONS : 100
Info: RIGID WATER USING SETTLE ALGORITHM
Info: RANDOM NUMBER SEED     1767901876
Info: USE HYDROGEN BONDS?    NO
Info: COORDINATE PDB         ./norA_inopen.pdb
Info: STRUCTURE FILE         ./norA_inopen.psf
Info: PARAMETER file: CHARMM format! 
Info: PARAMETERS             toppar/glc.prm
Info: PARAMETERS             toppar/cye.prm
Info: PARAMETERS             toppar/par_all36m_prot.prm
Info: PARAMETERS             toppar/par_all36_carb.prm
Info: PARAMETERS             toppar/par_all36_na.prm
Info: PARAMETERS             toppar/par_all36_cgenff.prm
Info: PARAMETERS             toppar/par_interface.prm
Info: PARAMETERS             toppar/par_all36_lipid.prm
Info: PARAMETERS             toppar/cam.str
Info: PARAMETERS             toppar/toppar_all36_carb_glycolipid.str
Info: PARAMETERS             toppar/toppar_all36_carb_glycopeptide.str
Info: PARAMETERS             toppar/toppar_all36_carb_imlab.str
Info: PARAMETERS             toppar/toppar_all36_label_fluorophore.str
Info: PARAMETERS             toppar/toppar_all36_label_spin.str
Info: PARAMETERS             toppar/toppar_all36_lipid_archaeal.str
Info: PARAMETERS             toppar/toppar_all36_lipid_bacterial.str
Info: PARAMETERS             toppar/toppar_all36_lipid_cardiolipin.str
Info: PARAMETERS             toppar/toppar_all36_lipid_cholesterol.str
Info: PARAMETERS             toppar/toppar_all36_lipid_dag.str
Info: PARAMETERS             toppar/toppar_all36_lipid_detergent.str
Info: PARAMETERS             toppar/toppar_all36_lipid_ether.str
Info: PARAMETERS             toppar/toppar_all36_lipid_hmmm.str
Info: PARAMETERS             toppar/toppar_all36_lipid_inositol.str
Info: PARAMETERS             toppar/toppar_all36_lipid_lnp.str
Info: PARAMETERS             toppar/toppar_all36_lipid_lps.str
Info: PARAMETERS             toppar/toppar_all36_lipid_miscellaneous.str
Info: PARAMETERS             toppar/toppar_all36_lipid_model.str
Info: PARAMETERS             toppar/toppar_all36_lipid_mycobacterial.str
Info: PARAMETERS             toppar/toppar_all36_lipid_oxidized.str
Info: PARAMETERS             toppar/toppar_all36_lipid_prot.str
Info: PARAMETERS             toppar/toppar_all36_lipid_sphingo.str
Info: PARAMETERS             toppar/toppar_all36_lipid_tag.str
Info: PARAMETERS             toppar/toppar_all36_lipid_yeast.str
Info: PARAMETERS             toppar/toppar_all36_moreions.str
Info: PARAMETERS             toppar/toppar_all36_na_nad_ppi.str
Info: PARAMETERS             toppar/toppar_all36_nano_lig_patch.str
Info: PARAMETERS             toppar/toppar_all36_nano_lig.str
Info: PARAMETERS             toppar/toppar_all36_na_rna_modified.str
Info: PARAMETERS             toppar/toppar_all36_polymer_solvent.str
Info: PARAMETERS             toppar/toppar_all36_prot_arg0.str
Info: PARAMETERS             toppar/toppar_all36_prot_c36m_d_aminoacids.str
Info: PARAMETERS             toppar/toppar_all36_prot_fluoro_alkanes.str
Info: PARAMETERS             toppar/toppar_all36_prot_heme.str
Info: PARAMETERS             toppar/toppar_all36_prot_model.str
Info: PARAMETERS             toppar/toppar_all36_prot_modify_res.str
Info: PARAMETERS             toppar/toppar_all36_prot_na_combined.str
Info: PARAMETERS             toppar/toppar_all36_prot_retinol.str
Info: PARAMETERS             toppar/toppar_all36_synthetic_polymer_patch.str
Info: PARAMETERS             toppar/toppar_all36_synthetic_polymer.str
Info: PARAMETERS             toppar/toppar_dum_noble_gases.str
Info: PARAMETERS             toppar/toppar_ions_won.str
Info: PARAMETERS             toppar/toppar_water_ions.str
Info: USING ARITHMETIC MEAN TO COMBINE L-J SIGMA PARAMETERS
Info: BINARY COORDINATES     parent.coor
Info: SKIPPING rtf SECTION IN STREAM FILE
Info: SKIPPING rtf SECTION IN STREAM FILE
Info: SKIPPING rtf SECTION IN STREAM FILE
Info: SKIPPING rtf SECTION IN STREAM FILE
Info: SKIPPING rtf SECTION IN STREAM FILE
Info: SKIPPING rtf SECTION IN STREAM FILE
Info: SKIPPING rtf SECTION IN STREAM FILE
Info: SKIPPING rtf SECTION IN STREAM FILE
Info: SKIPPING rtf SECTION IN STREAM FILE
Info: SKIPPING rtf SECTION IN STREAM FILE
Warning: SKIPPING PART OF PARAMETER FILE AFTER RETURN STATEMENT
Info: SKIPPING rtf SECTION IN STREAM FILE
Info: SKIPPING rtf SECTION IN STREAM FILE
Info: SKIPPING rtf SECTION IN STREAM FILE
Info: SKIPPING rtf SECTION IN STREAM FILE
Info: SKIPPING rtf SECTION IN STREAM FILE
Info: SKIPPING rtf SECTION IN STREAM FILE
Info: SKIPPING rtf SECTION IN STREAM FILE
Info: SKIPPING rtf SECTION IN STREAM FILE
Info: SKIPPING rtf SECTION IN STREAM FILE
Info: SKIPPING rtf SECTION IN STREAM FILE

Warning: DUPLICATE DIHEDRAL ENTRY FOR CTL2-CG2O5-CTL1-CTL3
PREVIOUS VALUES MULTIPLICITY: 2
  k=0.75  n=1  delta=0
  k=0.18  n=2  delta=180
INCREASING MULTIPLICITY TO: 3
  k=0.065  n=3  delta=0
Info: SKIPPING rtf SECTION IN STREAM FILE

Warning: DUPLICATE BOND ENTRY FOR CEL1-CL
PREVIOUS VALUES  k=440  x0=1.489
   USING VALUES  k=300  x0=1.48
Info: SKIPPING rtf SECTION IN STREAM FILE
Info: SKIPPING rtf SECTION IN STREAM FILE

Warning: DUPLICATE DIHEDRAL ENTRY FOR NHL-C-CTO1-HAL1
PREVIOUS VALUES MULTIPLICITY: 1
  k=0  n=1  delta=0
INCREASING MULTIPLICITY TO: 2
  k=0  n=3  delta=0

Warning: DUPLICATE DIHEDRAL ENTRY FOR O-C-CTO1-HAL1
PREVIOUS VALUES MULTIPLICITY: 1
  k=0  n=1  delta=0
INCREASING MULTIPLICITY TO: 2
  k=0  n=2  delta=180
Info: SKIPPING rtf SECTION IN STREAM FILE
Info: SKIPPING rtf SECTION IN STREAM FILE
Info: SKIPPING rtf SECTION IN STREAM FILE
Info: SKIPPING rtf SECTION IN STREAM FILE
Info: SKIPPING rtf SECTION IN STREAM FILE
Info: SKIPPING rtf SECTION IN STREAM FILE
Info: SKIPPING rtf SECTION IN STREAM FILE
Warning: SKIPPING PART OF PARAMETER FILE AFTER RETURN STATEMENT
Info: SKIPPING rtf SECTION IN STREAM FILE
Info: SKIPPING rtf SECTION IN STREAM FILE
Info: SKIPPING rtf SECTION IN STREAM FILE
Info: SKIPPING rtf SECTION IN STREAM FILE
Info: SKIPPING rtf SECTION IN STREAM FILE
Info: SKIPPING rtf SECTION IN STREAM FILE
Info: SKIPPING rtf SECTION IN STREAM FILE
Info: SKIPPING rtf SECTION IN STREAM FILE
Info: SKIPPING rtf SECTION IN STREAM FILE
Info: SKIPPING rtf SECTION IN STREAM FILE
Info: SKIPPING rtf SECTION IN STREAM FILE
Info: SKIPPING rtf SECTION IN STREAM FILE
Info: SKIPPING rtf SECTION IN STREAM FILE
Info: SKIPPING rtf SECTION IN STREAM FILE
Info: SUMMARY OF PARAMETERS:
Info: 1988 BONDS
Info: 6803 ANGLES
Info: 20090 DIHEDRAL
Info: 430 IMPROPER
Info: 28 CROSSTERM
Info: 751 VDW
Info: 122 VDW_PAIRS
Info: 0 NBTHOLE_PAIRS
Info: TIME FOR READING PSF FILE: 1.81085
Info: Reading pdb file ./norA_inopen.pdb
Info: TIME FOR READING PDB FILE: 0.00535715
Info: 
Info: LONG-RANGE LJ: APPLYING ANALYTICAL CORRECTIONS TO ENERGY AND PRESSURE
Info: LONG-RANGE LJ: AVERAGE A AND B COEFFICIENTS 277714 AND 196.726
Info: ****************************
Info: STRUCTURE SUMMARY:
Info: 6078 ATOMS
Info: 6152 BONDS
Info: 11169 ANGLES
Info: 16292 DIHEDRALS
Info: 932 IMPROPERS
Info: 385 CROSSTERMS
Info: 0 EXCLUSIONS
Info: 3098 RIGID BONDS
Info: 15136 DEGREES OF FREEDOM
Info: 2980 HYDROGEN GROUPS
Info: 4 ATOMS IN LARGEST HYDROGEN GROUP
Info: 2980 MIGRATION GROUPS
Info: 4 ATOMS IN LARGEST MIGRATION GROUP
Info: TOTAL MASS = 42196.7 amu
Info: TOTAL CHARGE = 4 e
Info: MASS DENSITY = 0.0700709 g/cm^3
Info: ATOM DENSITY = 0.006078 atoms/A^3
Info: *****************************
Info: Reading from binary file parent.coor
Info: 
Info: Entering startup at 3.23368 s, 126.5 MB of memory in use
Info: Startup phase 0 took 6.4191e-05 s, 126.5 MB of memory in use
Info: ADDED 33342 IMPLICIT EXCLUSIONS
Info: Startup phase 1 took 0.00240622 s, 126.5 MB of memory in use
Info: NONBONDED TABLE R-SQUARED SPACING: 0.0625
Info: NONBONDED TABLE SIZE: 769 POINTS
Info: INCONSISTENCY IN FAST TABLE ENERGY VS FORCE: 0.000325096 AT 11.9556
Info: INCONSISTENCY IN SCOR TABLE ENERGY VS FORCE: 0.000324844 AT 11.9556
Info: INCONSISTENCY IN VDWA TABLE ENERGY VS FORCE: 0.0040507 AT 0.251946
Info: INCONSISTENCY IN VDWB TABLE ENERGY VS FORCE: 0.00150189 AT 0.251946
Info: Startup phase 2 took 0.0134617 s, 143.5 MB of memory in use
Info: Startup phase 3 took 5.2238e-05 s, 143.5 MB of memory in use
Info: Startup phase 4 took 0.000129323 s, 146 MB of memory in use
Info: Startup phase 5 took 5.1347e-05 s, 146 MB of memory in use
Info: PATCH GRID IS 4 (PERIODIC) BY 4 (PERIODIC) BY 4 (PERIODIC)
Info: PATCH GRID IS 1-AWAY BY 1-AWAY BY 1-AWAY
Info: Reading from binary file parent.vel
Info: REMOVING COM VELOCITY 0.0206207 -0.0858377 0.00901508
Info: LARGEST PATCH (25) HAS 1034 ATOMS
Info: TORUS A SIZE 1 USING 0
Info: TORUS B SIZE 1 USING 0
Info: TORUS C SIZE 1 USING 0
Info: TORUS MINIMAL MESH SIZE IS 1 BY 1 BY 1
Info: Placed 100% of base nodes on same physical node as patch
Info: Startup phase 6 took 0.00121509 s, 146.25 MB of memory in use
Info: PME using 1 x 1 x 1 pencil grid for FFT and reciprocal sum.
Info: Startup phase 7 took 0.000126808 s, 146.25 MB of memory in use
Info: Updated CUDA force table with 4096 elements.
Info: Updated CUDA LJ table with 751 x 751 elements.
Info: Startup phase 8 took 0.00604359 s, 155 MB of memory in use
Info: Startup phase 9 took 8.1413e-05 s, 155 MB of memory in use
Info: Startup phase 10 took 6.377e-05 s, 155 MB of memory in use
Info: Startup phase 11 took 0.00252079 s, 157 MB of memory in use
LDB: Central LB being created...
Info: Startup phase 12 took 0.00171998 s, 160.5 MB of memory in use
Info: CREATING 1504 COMPUTE OBJECTS
Info: Found 309 unique exclusion lists needing 996 bytes
Info: useSync: 0 useProxySync: 0
Info: Startup phase 13 took 0.00525906 s, 165 MB of memory in use
Info: Startup phase 14 took 5.1357e-05 s, 165 MB of memory in use
Info: Startup phase 15 took 2.1961e-05 s, 165 MB of memory in use
Info: Finished startup at 3.26695 s, 165 MB of memory in use

TCL: Running for 50000 steps
ETITLE:      TS           BOND          ANGLE          DIHED          IMPRP               ELECT            VDW       BOUNDARY           MISC        KINETIC               TOTAL           TEMP      POTENTIAL         TOTAL3        TEMPAVG            PRESSURE      GPRESSURE         VOLUME       PRESSAVG      GPRESSAVG

ENERGY:       0      1213.2598      3459.0212      3544.8125       226.5255          -4505.2046     -1097.6966         0.0000         0.0000      4446.8585           7287.5764       295.6872      2840.7179      7342.0962       295.6872             93.6994        95.7342   1000000.0000        93.6994        95.7342

LDB: ============= START OF LOAD BALANCING ============== 3.41278
LDB: ============== END OF LOAD BALANCING =============== 3.41283
Info: useSync: 0 useProxySync: 0
LDB: =============== DONE WITH MIGRATION ================ 3.41289
ENERGY:     500      1273.6763      3487.3605      3608.5880       195.1830          -4477.3217     -1183.7030         0.0000         0.0000      4408.9794           7312.7624       293.1685      2903.7830      7366.6659       295.4370            -25.7144       -22.9936   1000000.0000        -1.0752        -1.0579

OPENING COORDINATE DCD FILE
WRITING COORDINATES TO DCD FILE seg.dcd AT STEP 500
The last position output (seq=500) takes 0.030 seconds, 182.750 MB of memory in use
LDB: ============= START OF LOAD BALANCING ============== 4.01035
LDB: Partitioning computes with target load 0.000000
LDB: Increased migratable compute count from 0 to 0
LDB: Largest unpartitionable compute is 0.000000
LDB: ============== END OF LOAD BALANCING =============== 4.01052
Info: useSync: 0 useProxySync: 0
LDB: =============== DONE WITH MIGRATION ================ 4.01081
Info: Initial time: 20 CPUs 0.000740059 s/step 0.00428275 days/ns 183.5 MB memory
TIMING: 1000  CPU: 0.716694, 0.000706344/step  Wall: 0.751439, 0.00074068/step, 0.0100815 hours remaining, 183.500000 MB of memory in use.
ENERGY:    1000      1276.6486      3464.7283      3588.3676       202.8704          -4508.4382     -1135.0710         0.0000         0.0000      4567.7339           7456.8396       303.7247      2889.1057      7514.3490       297.7088            -26.5025       -23.6636   1000000.0000        -8.7157        -8.7288

WRITING COORDINATES TO DCD FILE seg.dcd AT STEP 1000
The last position output (seq=1000) takes 0.000 seconds, 183.500 MB of memory in use
LDB: ============= START OF LOAD BALANCING ============== 4.15161
LDB: ============== END OF LOAD BALANCING =============== 4.15164
Info: useSync: 0 useProxySync: 0
LDB: =============== DONE WITH MIGRATION ================ 4.15169
ENERGY:    1500      1267.4871      3588.5298      3531.9940       211.4491          -4506.2188     -1194.0248         0.0000         0.0000      4516.6980           7415.9143       300.3311      2899.2163      7469.9448       300.5376            -66.9366       -64.1784   1000000.0000        -9.0540        -9.0679

WRITING COORDINATES TO DCD FILE seg.dcd AT STEP 1500
The last position output (seq=1500) takes 0.000 seconds, 183.750 MB of memory in use
LDB: ============= START OF LOAD BALANCING ============== 4.69014
LDB: TIME 4.6903 LOAD: AVG 0.0692725 MAX 0.164962  PROXIES: TOTAL 250 MAXPE 18 MAXPATCH 6 None MEM: 184 MB
LDB: TIME 4.69034 LOAD: AVG 0.0692725 MAX 0.164962  PROXIES: TOTAL 250 MAXPE 18 MAXPATCH 6 TorusLB MEM: 184 MB
LDB: Reverting to original mapping
LDB: ============== END OF LOAD BALANCING =============== 4.69042
Info: useSync: 0 useProxySync: 0
LDB: =============== DONE WITH MIGRATION ================ 4.69066
Info: Initial time: 20 CPUs 0.000678761 s/step 0.00392802 days/ns 184 MB memory
TIMING: 2000  CPU: 1.39211, 0.000675419/step  Wall: 1.43084, 0.000679398/step, 0.00905864 hours remaining, 184.000000 MB of memory in use.
ENERGY:    2000      1285.6059      3438.1470      3582.7507       211.8790          -4473.7920     -1177.7332         0.0000         0.0000      4472.6455           7339.5028       297.4019      2866.8573      7395.3500       298.8963            -34.1754       -32.4820   1000000.0000        -5.7316        -5.7377

WRITING COORDINATES TO DCD FILE seg.dcd AT STEP 2000
The last position output (seq=2000) takes 0.000 seconds, 184.000 MB of memory in use
ENERGY:    2500      1223.6031      3489.1478      3530.9211       220.0949          -4500.7270     -1186.9541         0.0000         0.0000      4450.4273           7226.5131       295.9245      2776.0858      7281.3858       296.0283            -20.6860       -18.1514   1000000.0000         5.4817         5.4577

WRITING COORDINATES TO DCD FILE seg.dcd AT STEP 2500
The last position output (seq=2500) takes 0.000 seconds, 184.000 MB of memory in use
LDB: ============= START OF LOAD BALANCING ============== 5.3384
LDB: TIME 5.33855 LOAD: AVG 0.0804569 MAX 0.203413  PROXIES: TOTAL 250 MAXPE 18 MAXPATCH 6 None MEM: 184 MB
LDB: TIME 5.33857 LOAD: AVG 0.0804569 MAX 0.203413  PROXIES: TOTAL 250 MAXPE 18 MAXPATCH 6 RefineTorusLB MEM: 184 MB
LDB: TIME 5.33859 LOAD: AVG 0.0804569 MAX 0.203413  PROXIES: TOTAL 250 MAXPE 18 MAXPATCH 6 RefineTorusLB MEM: 184 MB
LDB: ============== END OF LOAD BALANCING =============== 5.33865
Info: useSync: 0 useProxySync: 0
LDB: =============== DONE WITH MIGRATION ================ 5.33885
WRITING COORDINATES TO DCD FILE seg.dcd AT STEP 3000
The last position output (seq=3000) takes 0.000 seconds, 184.000 MB of memory in use
Info: Initial time: 20 CPUs 0.000647627 s/step 0.00374784 days/ns 184 MB memory
TIMING: 3000  CPU: 2.0353, 0.000643185/step  Wall: 2.07893, 0.000648096/step, 0.00846125 hours remaining, 184.000000 MB of memory in use.
ENERGY:    3000      1232.2419      3612.5595      3549.4376       188.5386          -4511.2641     -1158.4168         0.0000         0.0000      4440.2719           7353.3687       295.2493      2913.0968      7409.0070       295.4658             59.1958        63.0905   1000000.0000       -11.8483       -11.8565

ENERGY:    3500      1222.5339      3470.2936      3564.4448       190.8684          -4493.2244     -1144.0062         0.0000         0.0000      4441.0248           7251.9348       295.2993      2810.9101      7308.7573       295.4863             39.5347        41.3783   1000000.0000        13.7795        13.7801

WRITING COORDINATES TO DCD FILE seg.dcd AT STEP 3500
The last position output (seq=3500) takes 0.000 seconds, 184.000 MB of memory in use
LDB: ============= START OF LOAD BALANCING ============== 6.01461
LDB: TIME 6.0147 LOAD: AVG 0.0831426 MAX 0.201863  PROXIES: TOTAL 250 MAXPE 18 MAXPATCH 6 None MEM: 184.25 MB
LDB: TIME 6.01473 LOAD: AVG 0.0831426 MAX 0.201863  PROXIES: TOTAL 250 MAXPE 18 MAXPATCH 6 RefineTorusLB MEM: 184.25 MB
LDB: TIME 6.01475 LOAD: AVG 0.0831426 MAX 0.201863  PROXIES: TOTAL 250 MAXPE 18 MAXPATCH 6 RefineTorusLB MEM: 184.25 MB
LDB: ============== END OF LOAD BALANCING =============== 6.01482
Info: useSync: 0 useProxySync: 0
LDB: =============== DONE WITH MIGRATION ================ 6.01507
Info: Benchmark time: 20 CPUs 0.000675965 s/step 0.00391183 days/ns 184.25 MB memory
TIMING: 4000  CPU: 2.70758, 0.000672282/step  Wall: 2.75539, 0.000676455/step, 0.00864359 hours remaining, 184.250000 MB of memory in use.
ENERGY:    4000      1295.7966      3545.8906      3543.2551       193.7711          -4487.4707     -1230.7449         0.0000         0.0000      4370.7580           7231.2558       290.6270      2860.4978      7283.4989       294.6773            -91.3291       -90.4632   1000000.0000         8.1395         8.1501

WRITING COORDINATES TO DCD FILE seg.dcd AT STEP 4000
The last position output (seq=4000) takes 0.000 seconds, 184.250 MB of memory in use
ENERGY:    4500      1260.4483      3509.7237      3538.1262       208.0768          -4523.7131     -1138.7214         0.0000         0.0000      4440.6750           7294.6154       295.2761      2853.9404      7346.2442       294.8984              2.9322         7.0863   1000000.0000       -13.8611       -13.8420

WRITING COORDINATES TO DCD FILE seg.dcd AT STEP 4500
The last position output (seq=4500) takes 0.000 seconds, 184.250 MB of memory in use
Info: Benchmark time: 20 CPUs 0.000672856 s/step 0.00389384 days/ns 184.25 MB memory
TIMING: 5000  CPU: 3.37543, 0.000667848/step  Wall: 3.42827, 0.000672881/step, 0.00841101 hours remaining, 184.250000 MB of memory in use.
ETITLE:      TS           BOND          ANGLE          DIHED          IMPRP               ELECT            VDW       BOUNDARY           MISC        KINETIC               TOTAL           TEMP      POTENTIAL         TOTAL3        TEMPAVG            PRESSURE      GPRESSURE         VOLUME       PRESSAVG      GPRESSAVG

ENERGY:    5000      1248.1889      3643.8868      3534.5144       234.4620          -4491.0166     -1230.1770         0.0000         0.0000      4492.1085           7431.9669       298.6961      2939.8584      7487.4312       298.4720            -28.9343       -25.9341   1000000.0000        -0.5825        -0.5997

WRITING COORDINATES TO DCD FILE seg.dcd AT STEP 5000
The last position output (seq=5000) takes 0.000 seconds, 184.250 MB of memory in use
ENERGY:    5500      1219.3963      3576.2724      3568.6284       230.1050          -4563.7758     -1180.7919         0.0000         0.0000      4589.1176           7438.9521       305.1465      2849.8344      7499.9434       298.7866             41.0745        41.6401   1000000.0000       -12.0386       -12.0385

WRITING COORDINATES TO DCD FILE seg.dcd AT STEP 5500
Info: Benchmark time: 20 CPUs 0.000674234 s/step 0.00390182 days/ns 184.25 MB memory
TIMING: 6000  CPU: 4.04284, 0.000667411/step  Wall: 4.10258, 0.000674309/step, 0.00824156 hours remaining, 184.250000 MB of memory in use.
ENERGY:    6000      1219.1436      3594.9143      3549.0121       211.9086          -4501.4393     -1193.4758         0.0000         0.0000      4509.5671           7389.6306       299.8569      2880.0635      7445.0967       299.4077             10.2266        11.7750   1000000.0000         2.3378         2.3491

WRITING COORDINATES TO DCD FILE seg.dcd AT STEP 6000
ENERGY:    6500      1278.0614      3553.5100      3502.3556       188.8745          -4471.4833     -1176.6790         0.0000         0.0000      4477.8124           7352.4517       297.7455      2874.6393      7411.6324       299.6462            -11.6003        -9.9851   1000000.0000         7.8668         7.8802

WRITING COORDINATES TO DCD FILE seg.dcd AT STEP 6500
Info: Benchmark time: 20 CPUs 0.000674903 s/step 0.00390569 days/ns 184.25 MB memory
TIMING: 7000  CPU: 4.71404, 0.000671204/step  Wall: 4.77755, 0.000674968/step, 0.00806212 hours remaining, 184.250000 MB of memory in use.
ENERGY:    7000      1227.1771      3664.4634      3549.7373       198.8491          -4478.9598     -1157.7488         0.0000         0.0000      4492.9009           7496.4193       298.7488      3003.5184      7550.4022       299.3834             51.7024        54.0043   1000000.0000       -11.9431       -11.9372

WRITING COORDINATES TO DCD FILE seg.dcd AT STEP 7000
ENERGY:    7500      1306.3849      3532.5892      3509.7630       208.8900          -4402.2508     -1238.6930         0.0000         0.0000      4476.4178           7393.1011       297.6527      2916.6833      7447.9292       300.2189            -70.0566       -67.8795   1000000.0000       -14.3018       -14.2868

WRITING COORDINATES TO DCD FILE seg.dcd AT STEP 7500
Info: Benchmark time: 20 CPUs 0.000669014 s/step 0.00387161 days/ns 184.25 MB memory
TIMING: 8000  CPU: 5.37915, 0.000665103/step  Wall: 5.44664, 0.00066909/step, 0.00780606 hours remaining, 184.250000 MB of memory in use.
ENERGY:    8000      1209.2372      3554.8485      3534.4190       196.3557          -4521.5112     -1141.6502         0.0000         0.0000      4409.7233           7241.4224       293.2180      2831.6990      7295.4243       296.1848             -8.6100        -5.9586   1000000.0000        -7.7109        -7.7152

WRITING COORDINATES TO DCD FILE seg.dcd AT STEP 8000
ENERGY:    8500      1230.0417      3551.9599      3556.6666       216.4851          -4551.2651     -1156.8970         0.0000         0.0000      4497.2362           7344.2274       299.0370      2846.9912      7396.2843       297.1728            -23.1944       -20.4016   1000000.0000        -9.9862        -9.9844

WRITING COORDINATES TO DCD FILE seg.dcd AT STEP 8500
Info: Benchmark time: 20 CPUs 0.000665676 s/step 0.00385229 days/ns 184.25 MB memory
TIMING: 9000  CPU: 6.04072, 0.000661571/step  Wall: 6.11238, 0.000665744/step, 0.00758209 hours remaining, 184.250000 MB of memory in use.
ENERGY:    9000      1264.3637      3601.1948      3566.0360       207.8889          -4545.2233     -1139.1479         0.0000         0.0000      4487.9800           7443.0921       298.4215      2955.1121      7497.4242       299.9412            -37.2178       -35.8513   1000000.0000        -2.0857        -2.0758

WRITING COORDINATES TO DCD FILE seg.dcd AT STEP 9000
ENERGY:    9500      1256.8772      3497.0984      3518.3268       213.5162          -4539.6500     -1090.8257         0.0000         0.0000      4500.5592           7355.9021       299.2580      2855.3430      7409.6897       299.4230             26.1961        29.3438   1000000.0000        -5.4358        -5.4336

WRITING COORDINATES TO DCD FILE seg.dcd AT STEP 9500
TIMING: 10000  CPU: 6.70586, 0.000665142/step  Wall: 6.78183, 0.000669449/step, 0.00743832 hours remaining, 184.250000 MB of memory in use.
ETITLE:      TS           BOND          ANGLE          DIHED          IMPRP               ELECT            VDW       BOUNDARY           MISC        KINETIC               TOTAL           TEMP      POTENTIAL         TOTAL3        TEMPAVG            PRESSURE      GPRESSURE         VOLUME       PRESSAVG      GPRESSAVG

ENERGY:   10000      1254.0879      3605.9104      3538.5493       208.1332          -4564.5746     -1191.0279         0.0000         0.0000      4509.1383           7360.2168       299.8284      2851.0785      7413.5711       298.5987            -20.8982       -18.5121   1000000.0000        -4.1508        -4.1679

WRITING EXTENDED SYSTEM TO RESTART FILE AT STEP 10000
WRITING COORDINATES TO DCD FILE seg.dcd AT STEP 10000
WRITING COORDINATES TO RESTART FILE AT STEP 10000
FINISHED WRITING RESTART COORDINATES
WRITING VELOCITIES TO RESTART FILE AT STEP 10000
FINISHED WRITING RESTART VELOCITIES
The last velocity output (seq=10000) takes 0.025 seconds, 184.250 MB of memory in use
ENERGY:   10500      1294.2554      3561.7816      3522.2228       204.3470          -4521.1356     -1208.4601         0.0000         0.0000      4486.8050           7339.8162       298.3434      2853.0112      7393.6499       298.8219            -56.9094       -55.9852   1000000.0000        -2.3627        -2.3735

WRITING COORDINATES TO DCD FILE seg.dcd AT STEP 10500
WRITING COORDINATES TO DCD FILE seg.dcd AT STEP 11000
TIMING: 11000  CPU: 7.36437, 0.000658509/step  Wall: 7.55349, 0.000771656/step, 0.00835961 hours remaining, 184.500000 MB of memory in use.
ENERGY:   11000      1232.6768      3566.2994      3531.7641       196.8313          -4538.9173     -1200.4069         0.0000         0.0000      4465.9957           7254.2431       296.9597      2788.2474      7313.3011       296.5239            -56.4589       -53.8541   1000000.0000       -11.7032       -11.6959

ENERGY:   11500      1238.3284      3529.0097      3507.8166       214.7380          -4531.8849     -1152.5161         0.0000         0.0000      4419.2219           7224.7137       293.8496      2805.4918      7279.9947       294.6239             32.4301        34.5715   1000000.0000        10.4504        10.4630

WRITING COORDINATES TO DCD FILE seg.dcd AT STEP 11500
TIMING: 12000  CPU: 8.03957, 0.000675199/step  Wall: 8.23384, 0.000680355/step, 0.00718152 hours remaining, 184.750000 MB of memory in use.
ENERGY:   12000      1213.9547      3549.4513      3512.0251       208.5292          -4493.9371     -1171.7254         0.0000         0.0000      4423.8050           7242.1027       294.1543      2818.2977      7296.8836       295.4351            -17.1285       -15.7385   1000000.0000        -8.6578        -8.6658

WRITING COORDINATES TO DCD FILE seg.dcd AT STEP 12000
ENERGY:   12500      1265.4055      3538.8268      3529.2915       199.8834          -4508.6413     -1149.9736         0.0000         0.0000      4474.6771           7349.4694       297.5370      2874.7923      7403.7951       297.2336            -34.7137       -34.5515   1000000.0000        -3.7613        -3.7966

WRITING COORDINATES TO DCD FILE seg.dcd AT STEP 12500
TIMING: 13000  CPU: 8.75692, 0.000717356/step  Wall: 8.95474, 0.000720901/step, 0.00740926 hours remaining, 184.750000 MB of memory in use.
ENERGY:   13000      1248.1734      3544.9543      3537.9867       199.2691          -4578.9801     -1143.9950         0.0000         0.0000      4451.1967           7258.6052       295.9757      2807.4085      7313.3611       297.4079             -5.1996        -2.4084   1000000.0000       -11.3813       -11.3797

WRITING COORDINATES TO DCD FILE seg.dcd AT STEP 13000
ENERGY:   13500      1247.6865      3466.1625      3537.4019       202.4542          -4502.4260     -1134.9890         0.0000         0.0000      4445.5622           7261.8523       295.6010      2816.2901      7315.8050       296.1778             -2.9980        -0.7571   1000000.0000         5.6975         5.6967

WRITING COORDINATES TO DCD FILE seg.dcd AT STEP 13500
WRITING COORDINATES TO DCD FILE seg.dcd AT STEP 14000
TIMING: 14000  CPU: 9.44007, 0.000683147/step  Wall: 9.64095, 0.000686203/step, 0.00686203 hours remaining, 184.750000 MB of memory in use.
ENERGY:   14000      1231.3539      3522.7986      3553.6675       209.5114          -4555.5341     -1126.9054         0.0000         0.0000      4537.6728           7372.5648       301.7258      2834.8919      7428.7056       295.8704             31.6480        34.3244   1000000.0000        -1.4941        -1.5061

ENERGY:   14500      1251.3464      3562.4777      3527.5463       199.2835          -4480.6426     -1207.9670         0.0000         0.0000      4443.4010           7295.4453       295.4573      2852.0443      7350.7332       298.9271            -47.4066       -45.6418   1000000.0000         3.4941         3.4763

WRITING COORDINATES TO DCD FILE seg.dcd AT STEP 14500
TIMING: 15000  CPU: 10.1107, 0.000670618/step  Wall: 10.3159, 0.000674976/step, 0.00656226 hours remaining, 184.750000 MB of memory in use.
ETITLE:      TS           BOND          ANGLE          DIHED          IMPRP               ELECT            VDW       BOUNDARY           MISC        KINETIC               TOTAL           TEMP      POTENTIAL         TOTAL3        TEMPAVG            PRESSURE      GPRESSURE         VOLUME       PRESSAVG      GPRESSAVG

ENERGY:   15000      1334.6000      3484.6723      3537.6433       209.5262          -4523.4845     -1192.4478         0.0000         0.0000      4481.3122           7331.8217       297.9782      2850.5095      7390.1722       297.7917            -21.1429       -21.5753   1000000.0000         1.6340         1.6281

WRITING COORDINATES TO DCD FILE seg.dcd AT STEP 15000
ENERGY:   15500      1198.6029      3529.7611      3538.1580       214.8604          -4522.6299     -1143.5721         0.0000         0.0000      4491.4507           7306.6311       298.6523      2815.1803      7366.9541       296.2327             99.3192       102.1420   1000000.0000       -13.5288       -13.5322

WRITING COORDINATES TO DCD FILE seg.dcd AT STEP 15500
TIMING: 16000  CPU: 10.774, 0.000663268/step  Wall: 10.9839, 0.000668019/step, 0.00630907 hours remaining, 184.750000 MB of memory in use.
ENERGY:   16000      1187.3174      3472.8397      3530.5070       201.7443          -4461.1715     -1227.8373         0.0000         0.0000      4473.9431           7177.3427       297.4882      2703.3996      7236.6049       294.3307             -9.5883        -8.1835   1000000.0000         0.4819         0.4897

WRITING COORDINATES TO DCD FILE seg.dcd AT STEP 16000
ENERGY:   16500      1217.8705      3520.6408      3558.5010       188.0678          -4479.0928     -1194.2263         0.0000         0.0000      4388.7367           7200.4978       291.8225      2811.7611      7253.4445       291.0987            -16.4868       -15.2794   1000000.0000       -11.6130       -11.6028

WRITING COORDINATES TO DCD FILE seg.dcd AT STEP 16500
WRITING COORDINATES TO DCD FILE seg.dcd AT STEP 17000
TIMING: 17000  CPU: 11.4325, 0.000658536/step  Wall: 11.6472, 0.00066324/step, 0.0060797 hours remaining, 184.750000 MB of memory in use.
ENERGY:   17000      1237.9990      3462.6150      3550.1604       209.8907          -4484.6238     -1180.0530         0.0000         0.0000      4480.3057           7276.2939       297.9113      2795.9882      7328.7863       294.3776            -57.5409       -55.1766   1000000.0000         0.2940         0.2883

ENERGY:   17500      1220.1380      3577.7678      3555.9933       213.0216          -4592.5554     -1131.0730         0.0000         0.0000      4456.5656           7299.8580       296.3327      2843.2924      7353.9931       296.5059             14.9379        15.9048   1000000.0000         0.7398         0.7528

WRITING COORDINATES TO DCD FILE seg.dcd AT STEP 17500
WRITING COORDINATES TO DCD FILE seg.dcd AT STEP 18000
TIMING: 18000  CPU: 12.0922, 0.000659718/step  Wall: 12.3112, 0.000664052/step, 0.00590268 hours remaining, 184.750000 MB of memory in use.
ENERGY:   18000      1233.7143      3511.5593      3591.6600       218.5682          -4457.9734     -1184.2937         0.0000         0.0000      4421.5248           7334.7596       294.0027      2913.2348      7387.2494       297.2247            -24.5646       -22.3119   1000000.0000        -7.7836        -7.7889

ENERGY:   18500      1216.5177      3578.4652      3562.6158       208.3393          -4521.9143     -1152.8887         0.0000         0.0000      4445.2085           7336.3435       295.5775      2891.1350      7391.4947       297.2350             12.5756        12.6111   1000000.0000        -5.7337        -5.7404

WRITING COORDINATES TO DCD FILE seg.dcd AT STEP 18500
TIMING: 19000  CPU: 12.7523, 0.000660104/step  Wall: 12.9753, 0.00066409/step, 0.00571855 hours remaining, 184.750000 MB of memory in use.
ENERGY:   19000      1286.1826      3645.2187      3557.8509       210.4907          -4514.2267     -1234.2739         0.0000         0.0000      4543.1844           7494.4267       302.0923      2951.2423      7548.1745       299.9387            -64.7100       -63.7090   1000000.0000         1.0983         1.1080

WRITING COORDINATES TO DCD FILE seg.dcd AT STEP 19000
ENERGY:   19500      1263.7107      3621.5953      3531.5535       201.8363          -4500.8201     -1163.3307         0.0000         0.0000      4545.8168           7500.3618       302.2673      2954.5450      7553.3244       303.9297             -3.9541        -2.8788   1000000.0000       -15.9050       -15.8894

WRITING COORDINATES TO DCD FILE seg.dcd AT STEP 19500
TIMING: 20000  CPU: 13.4111, 0.000658788/step  Wall: 13.6385, 0.000663138/step, 0.00552615 hours remaining, 184.750000 MB of memory in use.
ETITLE:      TS           BOND          ANGLE          DIHED          IMPRP               ELECT            VDW       BOUNDARY           MISC        KINETIC               TOTAL           TEMP      POTENTIAL         TOTAL3        TEMPAVG            PRESSURE      GPRESSURE         VOLUME       PRESSAVG      GPRESSAVG

ENERGY:   20000      1266.8757      3572.6405      3525.4130       203.0403          -4530.6486     -1206.9816         0.0000         0.0000      4449.8104           7280.1498       295.8835      2830.3394      7334.2284       300.1797             -6.4619        -3.9114   1000000.0000        13.4054        13.4057

WRITING EXTENDED SYSTEM TO RESTART FILE AT STEP 20000
WRITING COORDINATES TO DCD FILE seg.dcd AT STEP 20000
WRITING COORDINATES TO RESTART FILE AT STEP 20000
FINISHED WRITING RESTART COORDINATES
WRITING VELOCITIES TO RESTART FILE AT STEP 20000
FINISHED WRITING RESTART VELOCITIES
The last velocity output (seq=20000) takes 0.036 seconds, 184.750 MB of memory in use
ENERGY:   20500      1286.0327      3511.4417      3542.1210       224.6223          -4475.8949     -1203.0414         0.0000         0.0000      4453.1946           7338.4760       296.1085      2885.2814      7394.1556       299.1889             10.8484        12.3839   1000000.0000         3.2375         3.2334

WRITING COORDINATES TO DCD FILE seg.dcd AT STEP 20500
TIMING: 21000  CPU: 14.0755, 0.000664405/step  Wall: 14.4244, 0.000785961/step, 0.00633135 hours remaining, 184.750000 MB of memory in use.
ENERGY:   21000      1326.8899      3505.1847      3526.8214       201.1774          -4486.4780     -1157.5550         0.0000         0.0000      4393.9708           7310.0112       292.1705      2916.0403      7367.7898       297.3704            -12.5368        -9.2104   1000000.0000         2.7750         2.7983

WRITING COORDINATES TO DCD FILE seg.dcd AT STEP 21000
ENERGY:   21500      1256.0933      3545.0538      3512.8967       199.8573          -4499.9935     -1187.3007         0.0000         0.0000      4486.5654           7313.1723       298.3275      2826.6069      7370.7725       297.9513             -3.0435        -1.7647   1000000.0000        -6.1160        -6.1357

WRITING COORDINATES TO DCD FILE seg.dcd AT STEP 21500
TIMING: 22000  CPU: 14.754, 0.000678455/step  Wall: 15.1073, 0.00068284/step, 0.00531098 hours remaining, 184.750000 MB of memory in use.
ENERGY:   22000      1217.5554      3603.1231      3527.3924       200.9306          -4584.2737     -1135.9040         0.0000         0.0000      4477.6918           7306.5156       297.7374      2828.8238      7357.8428       297.9479             65.8078        66.5463   1000000.0000        -3.8334        -3.8209

WRITING COORDINATES TO DCD FILE seg.dcd AT STEP 22000
ENERGY:   22500      1229.1910      3538.6896      3547.9030       211.4706          -4451.3642     -1164.0101         0.0000         0.0000      4466.7021           7378.5821       297.0067      2911.8800      7432.4333       298.0387             42.7910        43.4490   1000000.0000        -2.0761        -2.0811

WRITING COORDINATES TO DCD FILE seg.dcd AT STEP 22500
TIMING: 23000  CPU: 15.4693, 0.000715337/step  Wall: 15.8267, 0.00071943/step, 0.00539573 hours remaining, 184.750000 MB of memory in use.
ENERGY:   23000      1246.5920      3506.8181      3548.4918       215.9914          -4529.7657     -1110.9661         0.0000         0.0000      4510.5820           7387.7435       299.9244      2877.1614      7444.2908       298.1686             17.5528        19.1590   1000000.0000       -21.9017       -21.8962

WRITING COORDINATES TO DCD FILE seg.dcd AT STEP 23000
ENERGY:   23500      1220.9588      3527.0574      3530.3231       203.2646          -4489.2692     -1187.9283         0.0000         0.0000      4536.9701           7341.3765       301.6791      2804.4064      7399.1429       300.6657             -5.6914        -3.5959   1000000.0000         3.6895         3.7067

WRITING COORDINATES TO DCD FILE seg.dcd AT STEP 23500
TIMING: 24000  CPU: 16.1608, 0.000691541/step  Wall: 16.5245, 0.000697787/step, 0.00503957 hours remaining, 184.750000 MB of memory in use.
ENERGY:   24000      1219.8268      3607.9282      3538.9205       229.9368          -4550.0469     -1156.9952         0.0000         0.0000      4493.6664           7383.2366       298.7997      2889.5701      7437.8499       297.1437             35.6988        37.6034   1000000.0000       -13.9768       -13.9786

WRITING COORDINATES TO DCD FILE seg.dcd AT STEP 24000
ENERGY:   24500      1263.7641      3542.2918      3548.7511       213.3154          -4570.0618     -1150.9951         0.0000         0.0000      4465.6290           7312.6943       296.9353      2847.0654      7370.2216       298.5235            -23.1956       -22.0031   1000000.0000         2.8099         2.7919

WRITING COORDINATES TO DCD FILE seg.dcd AT STEP 24500
TIMING: 25000  CPU: 16.8303, 0.000669444/step  Wall: 17.198, 0.000673532/step, 0.0046773 hours remaining, 184.750000 MB of memory in use.
ETITLE:      TS           BOND          ANGLE          DIHED          IMPRP               ELECT            VDW       BOUNDARY           MISC        KINETIC               TOTAL           TEMP      POTENTIAL         TOTAL3        TEMPAVG            PRESSURE      GPRESSURE         VOLUME       PRESSAVG      GPRESSAVG

ENERGY:   25000      1253.5412      3634.0399      3499.1004       210.5577          -4575.6491     -1164.3226         0.0000         0.0000      4390.0429           7247.3104       291.9094      2857.2676      7301.9126       297.1855            -20.3862       -18.9482   1000000.0000        -7.0914        -7.0943

WRITING COORDINATES TO DCD FILE seg.dcd AT STEP 25000
ENERGY:   25500      1212.7628      3533.0260      3563.0319       198.2148          -4515.0928     -1139.7694         0.0000         0.0000      4419.7072           7271.8805       293.8818      2852.1733      7329.9111       295.1466             -6.2414        -3.0141   1000000.0000        -4.4973        -4.4995

WRITING COORDINATES TO DCD FILE seg.dcd AT STEP 25500
TIMING: 26000  CPU: 17.5134, 0.000683145/step  Wall: 17.9095, 0.000711487/step, 0.00474325 hours remaining, 184.750000 MB of memory in use.
ENERGY:   26000      1245.5646      3539.4048      3540.5302       210.5680          -4529.1771     -1151.1964         0.0000         0.0000      4409.4485           7265.1424       293.1997      2855.6939      7315.8568       293.8997             23.1964        24.5950   1000000.0000        -4.0633        -4.0566

WRITING COORDINATES TO DCD FILE seg.dcd AT STEP 26000
ENERGY:   26500      1254.0085      3578.9424      3544.0886       216.7630          -4544.9998     -1137.8802         0.0000         0.0000      4417.2337           7328.1562       293.7174      2910.9224      7385.2854       296.1973             31.1507        31.7176   1000000.0000        -6.2799        -6.2762

WRITING COORDINATES TO DCD FILE seg.dcd AT STEP 26500
WRITING COORDINATES TO DCD FILE seg.dcd AT STEP 27000
TIMING: 27000  CPU: 18.1711, 0.000657689/step  Wall: 18.571, 0.000661523/step, 0.0042264 hours remaining, 184.750000 MB of memory in use.
ENERGY:   27000      1226.6481      3549.3366      3534.0934       224.4751          -4619.7558     -1125.8592         0.0000         0.0000      4495.8274           7284.7656       298.9434      2788.9382      7338.8754       296.6772              5.8559         7.7919   1000000.0000        -2.7853        -2.8016

ENERGY:   27500      1277.0107      3546.2102      3536.1399       207.6430          -4548.7422     -1183.2435         0.0000         0.0000      4450.9457           7285.9638       295.9590      2835.0181      7340.6386       296.5644            -17.1222       -15.3431   1000000.0000        -5.2338        -5.2148

WRITING COORDINATES TO DCD FILE seg.dcd AT STEP 27500
TIMING: 28000  CPU: 18.8563, 0.000685176/step  Wall: 19.2605, 0.000689448/step, 0.00421329 hours remaining, 184.750000 MB of memory in use.
ENERGY:   28000      1206.8618      3578.9376      3513.0390       200.1778          -4478.7537     -1151.6832         0.0000         0.0000      4473.2639           7341.8433       297.4430      2868.5794      7396.6002       296.6632             69.7627        70.5800   1000000.0000         2.8613         2.8608

WRITING COORDINATES TO DCD FILE seg.dcd AT STEP 28000
ENERGY:   28500      1243.1331      3506.9831      3527.4000       218.4344          -4454.2889     -1210.1851         0.0000         0.0000      4513.8114           7345.2880       300.1392      2831.4766      7401.8189       296.7963            -40.2902       -38.6140   1000000.0000        -7.1117        -7.1303

WRITING COORDINATES TO DCD FILE seg.dcd AT STEP 28500
TIMING: 29000  CPU: 19.5326, 0.00067633/step  Wall: 19.9403, 0.000679865/step, 0.00396588 hours remaining, 184.750000 MB of memory in use.
ENERGY:   29000      1254.9321      3560.4588      3512.4689       200.4400          -4560.7421     -1144.3699         0.0000         0.0000      4491.9587           7315.1465       298.6861      2823.1878      7371.2266       298.4259             16.9742        20.2878   1000000.0000        -4.4862        -4.4696

WRITING COORDINATES TO DCD FILE seg.dcd AT STEP 29000
ENERGY:   29500      1235.4539      3516.3152      3555.0824       219.8063          -4565.9463     -1184.5728         0.0000         0.0000      4454.5864           7230.7252       296.2011      2776.1387      7288.6877       296.6245             63.2319        63.4878   1000000.0000         7.4274         7.4313

WRITING COORDINATES TO DCD FILE seg.dcd AT STEP 29500
WRITING COORDINATES TO DCD FILE seg.dcd AT STEP 30000
WRITING COORDINATES TO RESTART FILE AT STEP 30000
FINISHED WRITING RESTART COORDINATES
WRITING VELOCITIES TO RESTART FILE AT STEP 30000
FINISHED WRITING RESTART VELOCITIES
The last velocity output (seq=30000) takes 0.057 seconds, 184.750 MB of memory in use
TIMING: 30000  CPU: 20.2231, 0.000690474/step  Wall: 20.7462, 0.000805891/step, 0.00447717 hours remaining, 184.750000 MB of memory in use.
ETITLE:      TS           BOND          ANGLE          DIHED          IMPRP               ELECT            VDW       BOUNDARY           MISC        KINETIC               TOTAL           TEMP      POTENTIAL         TOTAL3        TEMPAVG            PRESSURE      GPRESSURE         VOLUME       PRESSAVG      GPRESSAVG

ENERGY:   30000      1234.5877      3515.2490      3566.1568       205.7026          -4530.0224     -1176.4281         0.0000         0.0000      4430.1184           7245.3639       294.5741      2815.2456      7302.7484       295.6447            -21.7670       -19.9855   1000000.0000         7.2617         7.2520

WRITING EXTENDED SYSTEM TO RESTART FILE AT STEP 30000
ENERGY:   30500      1231.6545      3509.0729      3559.7267       200.5973          -4559.0932     -1184.7758         0.0000         0.0000      4391.3280           7148.5104       291.9948      2757.1824      7204.5093       293.1736            -13.4846       -10.9782   1000000.0000       -16.5429       -16.5364

WRITING COORDINATES TO DCD FILE seg.dcd AT STEP 30500
WRITING COORDINATES TO DCD FILE seg.dcd AT STEP 31000
TIMING: 31000  CPU: 20.8939, 0.000670793/step  Wall: 21.44, 0.000693767/step, 0.00366155 hours remaining, 184.750000 MB of memory in use.
ENERGY:   31000      1228.6764      3504.8758      3546.4155       199.4724          -4580.8711     -1138.2725         0.0000         0.0000      4405.9431           7166.2397       292.9666      2760.2966      7217.7496       291.2847            -16.9891       -14.7743   1000000.0000       -10.9583       -10.9629

ENERGY:   31500      1215.2478      3468.9788      3566.8616       232.3778          -4520.2421     -1172.0019         0.0000         0.0000      4420.1017           7211.3235       293.9081      2791.2218      7264.4701       294.7669             -1.7328         0.8847   1000000.0000         4.5204         4.5191

WRITING COORDINATES TO DCD FILE seg.dcd AT STEP 31500
TIMING: 32000  CPU: 21.5909, 0.000697038/step  Wall: 22.1409, 0.000700954/step, 0.00350477 hours remaining, 185.000000 MB of memory in use.
ENERGY:   32000      1248.9155      3571.3678      3511.4520       210.7027          -4517.4271     -1196.7031         0.0000         0.0000      4433.0713           7261.3791       294.7705      2828.3078      7312.7711       294.7128            -56.3665       -54.1419   1000000.0000       -15.3927       -15.3712

WRITING COORDINATES TO DCD FILE seg.dcd AT STEP 32000
ENERGY:   32500      1262.3684      3554.8580      3549.2452       194.8238          -4492.7260     -1223.1909         0.0000         0.0000      4514.3859           7359.7643       300.1774      2845.3784      7414.4340       296.7565            -38.1691       -36.5717   1000000.0000         0.7785         0.7873

WRITING COORDINATES TO DCD FILE seg.dcd AT STEP 32500
TIMING: 33000  CPU: 22.2787, 0.000687739/step  Wall: 22.8328, 0.000691903/step, 0.00326732 hours remaining, 185.000000 MB of memory in use.
ENERGY:   33000      1268.3454      3590.5775      3513.2371       224.5729          -4567.7081     -1138.3299         0.0000         0.0000      4399.3451           7290.0401       292.5279      2890.6950      7342.2345       298.1823            -24.1385       -22.3451   1000000.0000        -3.3682        -3.3736

WRITING COORDINATES TO DCD FILE seg.dcd AT STEP 33000
ENERGY:   33500      1192.8681      3489.7232      3525.2284       208.9147          -4526.0690     -1216.7458         0.0000         0.0000      4545.6549           7219.5746       302.2566      2673.9197      7279.0959       295.3103             23.0041        24.5857   1000000.0000        -1.9996        -1.9834

WRITING COORDINATES TO DCD FILE seg.dcd AT STEP 33500
TIMING: 34000  CPU: 22.9686, 0.000689917/step  Wall: 23.5267, 0.000693897/step, 0.00308399 hours remaining, 185.000000 MB of memory in use.
ENERGY:   34000      1232.3369      3495.0756      3548.4721       208.3307          -4459.9234     -1193.1162         0.0000         0.0000      4351.3037           7182.4794       289.3335      2831.1757      7235.3500       293.7314             26.4061        27.2948   1000000.0000         3.5843         3.5703

WRITING COORDINATES TO DCD FILE seg.dcd AT STEP 34000
ENERGY:   34500      1234.9543      3525.3696      3539.7380       204.1759          -4521.2480     -1199.1432         0.0000         0.0000      4464.7808           7248.6273       296.8789      2783.8465      7304.1669       293.6331             -0.2215         0.7393   1000000.0000        -8.8389        -8.8436

WRITING COORDINATES TO DCD FILE seg.dcd AT STEP 34500
TIMING: 35000  CPU: 23.6585, 0.00068995/step  Wall: 24.222, 0.000695286/step, 0.00289703 hours remaining, 185.000000 MB of memory in use.
ETITLE:      TS           BOND          ANGLE          DIHED          IMPRP               ELECT            VDW       BOUNDARY           MISC        KINETIC               TOTAL           TEMP      POTENTIAL         TOTAL3        TEMPAVG            PRESSURE      GPRESSURE         VOLUME       PRESSAVG      GPRESSAVG

ENERGY:   35000      1229.4898      3579.0870      3540.0716       191.9554          -4533.6286     -1213.1088         0.0000         0.0000      4460.0818           7253.9481       296.5665      2793.8664      7305.1403       295.6199             -2.0630        -2.2785   1000000.0000        -2.6331        -2.6017

WRITING COORDINATES TO DCD FILE seg.dcd AT STEP 35000
ENERGY:   35500      1285.6977      3548.5700      3498.0079       225.9053          -4550.9869     -1184.5975         0.0000         0.0000      4484.9841           7307.5807       298.2223      2822.5966      7362.9511       296.8536            -12.1283        -9.6192   1000000.0000        -5.4178        -5.4453

WRITING COORDINATES TO DCD FILE seg.dcd AT STEP 35500
TIMING: 36000  CPU: 24.3572, 0.000698689/step  Wall: 24.925, 0.000703006/step, 0.00273391 hours remaining, 185.000000 MB of memory in use.
ENERGY:   36000      1273.6890      3606.2337      3552.9735       203.3053          -4627.9981     -1052.2197         0.0000         0.0000      4356.7636           7312.7473       289.6965      2955.9837      7363.8853       297.1019             28.9102        31.5644   1000000.0000        -2.4517        -2.4223

WRITING COORDINATES TO DCD FILE seg.dcd AT STEP 36000
ENERGY:   36500      1225.8529      3541.6492      3551.0083       194.5225          -4540.9188     -1159.5015         0.0000         0.0000      4446.3590           7258.9717       295.6540      2812.6126      7314.8108       296.8871              1.8605         3.4673   1000000.0000         5.3718         5.3853

WRITING COORDINATES TO DCD FILE seg.dcd AT STEP 36500
WRITING COORDINATES TO DCD FILE seg.dcd AT STEP 37000
TIMING: 37000  CPU: 25.0393, 0.000682038/step  Wall: 25.6098, 0.000684737/step, 0.00247266 hours remaining, 185.000000 MB of memory in use.
ENERGY:   37000      1264.3587      3559.5600      3507.7700       198.6196          -4525.1808     -1220.8722         0.0000         0.0000      4428.3278           7212.5831       294.4551      2784.2553      7266.9963       295.9215            -52.3449       -48.9899   1000000.0000         2.0000         1.9967

ENERGY:   37500      1267.4779      3512.3683      3552.5619       189.1300          -4509.0034     -1194.6488         0.0000         0.0000      4399.0134           7216.8992       292.5058      2817.8858      7273.0227       294.0245            -52.4928       -50.4992   1000000.0000        -0.2338        -0.2205

WRITING COORDINATES TO DCD FILE seg.dcd AT STEP 37500
TIMING: 38000  CPU: 25.7184, 0.000679179/step  Wall: 26.2924, 0.00068263/step, 0.00227543 hours remaining, 185.000000 MB of memory in use.
ENERGY:   38000      1206.9731      3574.8425      3529.5261       200.6352          -4568.8252     -1175.2887         0.0000         0.0000      4396.0601           7163.9231       292.3095      2767.8630      7216.0726       293.8116            -21.3241       -18.0579   1000000.0000        -4.2254        -4.2248

WRITING COORDINATES TO DCD FILE seg.dcd AT STEP 38000
ENERGY:   38500      1250.5674      3562.2388      3580.0326       219.3104          -4583.5321     -1179.3521         0.0000         0.0000      4429.0923           7278.3573       294.5059      2849.2650      7327.8837       294.7959             12.6019        13.5063   1000000.0000         0.3512         0.3400

WRITING COORDINATES TO DCD FILE seg.dcd AT STEP 38500
TIMING: 39000  CPU: 26.4019, 0.000683466/step  Wall: 26.9798, 0.000687415/step, 0.00210044 hours remaining, 185.000000 MB of memory in use.
ENERGY:   39000      1253.9977      3611.9095      3536.6553       197.7805          -4516.0084     -1197.9526         0.0000         0.0000      4407.2331           7293.6152       293.0524      2886.3821      7350.6463       297.2052             26.8163        27.3060   1000000.0000        -6.5127        -6.5219

WRITING COORDINATES TO DCD FILE seg.dcd AT STEP 39000
ENERGY:   39500      1230.2063      3524.6801      3515.8635       228.5268          -4494.5029     -1185.8290         0.0000         0.0000      4449.2023           7268.1471       295.8431      2818.9448      7325.8106       297.3950             -0.9117        -0.2724   1000000.0000         3.1433         3.1061

WRITING COORDINATES TO DCD FILE seg.dcd AT STEP 39500
TIMING: 40000  CPU: 27.0991, 0.000697157/step  Wall: 27.6809, 0.000701034/step, 0.00194732 hours remaining, 185.000000 MB of memory in use.
ETITLE:      TS           BOND          ANGLE          DIHED          IMPRP               ELECT            VDW       BOUNDARY           MISC        KINETIC               TOTAL           TEMP      POTENTIAL         TOTAL3        TEMPAVG            PRESSURE      GPRESSURE         VOLUME       PRESSAVG      GPRESSAVG

ENERGY:   40000      1243.3021      3561.0073      3503.4433       177.6463          -4562.1394     -1176.0168         0.0000         0.0000      4449.6354           7196.8782       295.8719      2747.2428      7255.2755       295.3011             15.1193        17.6066   1000000.0000        -7.7945        -7.7751

WRITING EXTENDED SYSTEM TO RESTART FILE AT STEP 40000
WRITING COORDINATES TO DCD FILE seg.dcd AT STEP 40000
WRITING COORDINATES TO RESTART FILE AT STEP 40000
FINISHED WRITING RESTART COORDINATES
WRITING VELOCITIES TO RESTART FILE AT STEP 40000
FINISHED WRITING RESTART VELOCITIES
The last velocity output (seq=40000) takes 0.021 seconds, 185.000 MB of memory in use
ENERGY:   40500      1204.8419      3589.0085      3531.8655       212.9890          -4569.2657     -1178.7898         0.0000         0.0000      4412.3218           7202.9711       293.3908      2790.6493      7255.6944       293.5110            -52.5192       -51.4179   1000000.0000        -2.4971        -2.4959

WRITING COORDINATES TO DCD FILE seg.dcd AT STEP 40500
TIMING: 41000  CPU: 27.8006, 0.000701565/step  Wall: 28.5324, 0.000851512/step, 0.00212878 hours remaining, 185.000000 MB of memory in use.
ENERGY:   41000      1282.3477      3618.8352      3582.3868       220.6122          -4532.0024     -1153.5177         0.0000         0.0000      4388.0999           7406.7617       291.7802      3018.6618      7454.2448       297.7808             60.7978        61.2894   1000000.0000       -13.1518       -13.1381

WRITING COORDINATES TO DCD FILE seg.dcd AT STEP 41000
ENERGY:   41500      1346.6760      3544.8724      3543.9987       194.5841          -4579.9587     -1104.6276         0.0000         0.0000      4496.2326           7441.7776       298.9703      2945.5450      7495.7217       299.8218            -37.9627       -37.3369   1000000.0000       -12.0739       -12.0745

WRITING COORDINATES TO DCD FILE seg.dcd AT STEP 41500
WRITING COORDINATES TO DCD FILE seg.dcd AT STEP 42000
TIMING: 42000  CPU: 28.4904, 0.000689821/step  Wall: 29.2261, 0.000693708/step, 0.00154157 hours remaining, 185.000000 MB of memory in use.
ENERGY:   42000      1243.5145      3544.9366      3525.7260       199.1331          -4557.6965     -1135.7265         0.0000         0.0000      4527.4602           7347.3475       301.0467      2819.8873      7406.0109       299.7620             22.8143        23.3760   1000000.0000        -6.8811        -6.8824

ENERGY:   42500      1276.6994      3594.0237      3505.9795       212.8881          -4516.8761     -1195.1152         0.0000         0.0000      4478.8514           7356.4509       297.8146      2877.5994      7412.7638       298.1520            -21.6691       -20.8884   1000000.0000        -0.1716        -0.1516

WRITING COORDINATES TO DCD FILE seg.dcd AT STEP 42500
LDB: ============= START OF LOAD BALANCING ============== 33.1485
LDB: ============== END OF LOAD BALANCING =============== 33.1485
Info: useSync: 0 useProxySync: 0
LDB: =============== DONE WITH MIGRATION ================ 33.1486
TIMING: 43000  CPU: 29.1495, 0.000659077/step  Wall: 29.8891, 0.000663036/step, 0.00128924 hours remaining, 185.000000 MB of memory in use.
ENERGY:   43000      1246.8964      3539.1610      3548.6491       205.3723          -4581.2842     -1141.0593         0.0000         0.0000      4561.8135           7379.5488       303.3310      2817.7352      7434.8287       299.5774             34.9865        37.1457   1000000.0000        -0.8950        -0.8968

WRITING COORDINATES TO DCD FILE seg.dcd AT STEP 43000
ENERGY:   43500      1204.0978      3585.4182      3534.4711       199.3377          -4581.0638     -1142.8353         0.0000         0.0000      4456.0939           7255.5196       296.3013      2799.4256      7312.3092       298.3386             34.8390        35.5499   1000000.0000         2.9006         2.9049

WRITING COORDINATES TO DCD FILE seg.dcd AT STEP 43500
LDB: ============= START OF LOAD BALANCING ============== 33.8155
LDB: TIME 33.8156 LOAD: AVG 0.0782306 MAX 0.209074  PROXIES: TOTAL 250 MAXPE 18 MAXPATCH 6 None MEM: 185 MB
LDB: TIME 33.8156 LOAD: AVG 0.0782306 MAX 0.209074  PROXIES: TOTAL 250 MAXPE 18 MAXPATCH 6 RefineTorusLB MEM: 185 MB
LDB: TIME 33.8156 LOAD: AVG 0.0782306 MAX 0.209074  PROXIES: TOTAL 250 MAXPE 18 MAXPATCH 6 RefineTorusLB MEM: 185 MB
LDB: ============== END OF LOAD BALANCING =============== 33.8157
Info: useSync: 0 useProxySync: 0
LDB: =============== DONE WITH MIGRATION ================ 33.8159
TIMING: 44000  CPU: 29.8135, 0.000664005/step  Wall: 30.5565, 0.000667377/step, 0.00111229 hours remaining, 185.000000 MB of memory in use.
ENERGY:   44000      1222.1012      3555.2436      3562.7278       214.1839          -4579.7139     -1159.0393         0.0000         0.0000      4422.9197           7238.4231       294.0955      2815.5034      7293.7833       296.5736             50.9340        53.1759   1000000.0000       -13.0088       -12.9871

WRITING COORDINATES TO DCD FILE seg.dcd AT STEP 44000
ENERGY:   44500      1206.4059      3548.2981      3583.3279       206.3890          -4607.2542     -1103.8488         0.0000         0.0000      4458.5125           7291.8305       296.4622      2833.3180      7347.0187       296.4636             15.9040        19.5589   1000000.0000       -13.7029       -13.7082

WRITING COORDINATES TO DCD FILE seg.dcd AT STEP 44500
TIMING: 45000  CPU: 30.487, 0.000673463/step  Wall: 31.2338, 0.000677304/step, 0.0009407 hours remaining, 185.000000 MB of memory in use.
ETITLE:      TS           BOND          ANGLE          DIHED          IMPRP               ELECT            VDW       BOUNDARY           MISC        KINETIC               TOTAL           TEMP      POTENTIAL         TOTAL3        TEMPAVG            PRESSURE      GPRESSURE         VOLUME       PRESSAVG      GPRESSAVG

ENERGY:   45000      1224.8025      3518.8939      3551.2185       211.9607          -4522.9937     -1165.7439         0.0000         0.0000      4438.1252           7256.2632       295.1065      2818.1380      7312.3586       295.5755            -39.6617       -38.8225   1000000.0000        11.8374        11.8406

WRITING COORDINATES TO DCD FILE seg.dcd AT STEP 45000
ENERGY:   45500      1174.2288      3498.3187      3567.1062       199.7441          -4493.9445     -1121.2639         0.0000         0.0000      4449.3633           7273.5526       295.8538      2824.1894      7327.3729       295.4825             30.9983        32.8864   1000000.0000        -4.4133        -4.4251

WRITING COORDINATES TO DCD FILE seg.dcd AT STEP 45500
TIMING: 46000  CPU: 31.1711, 0.000684116/step  Wall: 31.9215, 0.000687722/step, 0.000764136 hours remaining, 185.000000 MB of memory in use.
ENERGY:   46000      1251.5259      3640.7319      3556.4914       202.8282          -4505.3609     -1209.5354         0.0000         0.0000      4463.7695           7400.4506       296.8117      2936.6811      7459.0757       297.2612            -50.9892       -49.7962   1000000.0000       -13.6413       -13.6629

WRITING COORDINATES TO DCD FILE seg.dcd AT STEP 46000
ENERGY:   46500      1250.4343      3569.0591      3474.0426       210.1394          -4561.7972     -1123.6746         0.0000         0.0000      4495.5465           7313.7501       298.9247      2818.2036      7369.9939       299.3925             22.3032        25.0028   1000000.0000         7.3441         7.3331

WRITING COORDINATES TO DCD FILE seg.dcd AT STEP 46500
TIMING: 47000  CPU: 31.8402, 0.000669132/step  Wall: 32.595, 0.000673539/step, 0.000561282 hours remaining, 185.000000 MB of memory in use.
ENERGY:   47000      1213.1729      3573.4300      3530.7345       204.9391          -4505.6959     -1151.7559         0.0000         0.0000      4436.2185           7301.0432       294.9797      2864.8247      7356.5233       297.8235             30.8243        32.3938   1000000.0000        -7.9548        -7.9619

WRITING COORDINATES TO DCD FILE seg.dcd AT STEP 47000
ENERGY:   47500      1233.8665      3511.3969      3540.2770       197.5012          -4509.2399     -1176.8780         0.0000         0.0000      4432.3090           7229.2326       294.7198      2796.9237      7284.9241       295.6999             10.7150        13.1429   1000000.0000        -4.3696        -4.3535

WRITING COORDINATES TO DCD FILE seg.dcd AT STEP 47500
TIMING: 48000  CPU: 32.5251, 0.000684861/step  Wall: 33.2832, 0.000688167/step, 0.000382315 hours remaining, 185.000000 MB of memory in use.
ENERGY:   48000      1196.6689      3534.9342      3558.2120       196.7023          -4560.0380     -1196.0746         0.0000         0.0000      4515.4900           7245.8949       300.2508      2730.4048      7306.8038       296.1801            -20.7239       -19.9662   1000000.0000        -0.0569        -0.0759

WRITING COORDINATES TO DCD FILE seg.dcd AT STEP 48000
ENERGY:   48500      1230.7435      3596.1467      3509.5839       213.6117          -4559.4952     -1182.7079         0.0000         0.0000      4498.0395           7305.9221       299.0904      2807.8827      7362.9967       297.8292             -0.9226        -0.1792   1000000.0000        -8.3369        -8.3143

WRITING COORDINATES TO DCD FILE seg.dcd AT STEP 48500
WRITING COORDINATES TO DCD FILE seg.dcd AT STEP 49000
TIMING: 49000  CPU: 33.2015, 0.000676375/step  Wall: 33.9635, 0.000680281/step, 0.000188967 hours remaining, 185.000000 MB of memory in use.
ENERGY:   49000      1269.3572      3468.8638      3546.7456       201.4690          -4513.7249     -1203.6727         0.0000         0.0000      4561.1646           7330.2025       303.2878      2769.0379      7388.4514       298.3527           -115.5880      -115.8937   1000000.0000       -11.8614       -11.8801

ENERGY:   49500      1277.2154      3572.3344      3552.1523       216.3753          -4557.2298     -1189.5344         0.0000         0.0000      4446.7856           7318.0987       295.6824      2871.3132      7377.3564       298.0883            -72.3038       -70.8861   1000000.0000        -0.6042        -0.5914

WRITING COORDINATES TO DCD FILE seg.dcd AT STEP 49500
TIMING: 50000  CPU: 33.8882, 0.000686758/step  Wall: 34.6551, 0.000691581/step, 0 hours remaining, 185.000000 MB of memory in use.
ETITLE:      TS           BOND          ANGLE          DIHED          IMPRP               ELECT            VDW       BOUNDARY           MISC        KINETIC               TOTAL           TEMP      POTENTIAL         TOTAL3        TEMPAVG            PRESSURE      GPRESSURE         VOLUME       PRESSAVG      GPRESSAVG

ENERGY:   50000      1290.9840      3542.4171      3561.0961       202.9338          -4524.9522     -1134.8280         0.0000         0.0000      4439.1122           7376.7631       295.1722      2937.6508      7432.2212       298.9377            -72.5257       -70.6502   1000000.0000        -8.6020        -8.5852

WRITING EXTENDED SYSTEM TO RESTART FILE AT STEP 50000
WRITING COORDINATES TO DCD FILE seg.dcd AT STEP 50000
WRITING COORDINATES TO RESTART FILE AT STEP 50000
FINISHED WRITING RESTART COORDINATES
WRITING VELOCITIES TO RESTART FILE AT STEP 50000
FINISHED WRITING RESTART VELOCITIES
The last velocity output (seq=50000) takes 0.032 seconds, 185.000 MB of memory in use
WRITING EXTENDED SYSTEM TO OUTPUT FILE AT STEP 50000
WRITING COORDINATES TO OUTPUT FILE AT STEP 50000
CLOSING COORDINATE DCD FILE seg.dcd
WRITING VELOCITIES TO OUTPUT FILE AT STEP 50000
====================================================

WallClock: 38.173672  CPUTime: 37.090313  Memory: 185.000000 MB
[Partition 0][Node 0] End of program
