Charm++: standalone mode (not using charmrun)
Charm++> Running in Multicore mode: 20 threads (PEs)
Charm++> Using recursive bisection (scheme 3) for topology aware partitions
Converse/Charm++ Commit ID: v6.10.2-0-g7bf00fa-namd-charm-6.10.2-build-2020-Aug-05-556
Warning> Randomization of virtual memory (ASLR) is turned on in the kernel, thread migration may not work! Run 'echo 0 > /proc/sys/kernel/randomize_va_space' as root to disable it, or try running with '+isomalloc_sync'.
CharmLB> Load balancer assumes all CPUs are same.
Charm++> Running on 1 hosts (1 sockets x 16 cores x 2 PUs = 32-way SMP)
Charm++> cpu topology info is gathered in 0.000 seconds.
Info: Built with CUDA version 11080
Did not find +devices i,j,k,... argument, using all
Pe 0 physical rank 0 will use CUDA device of pe 16
Pe 3 physical rank 3 will use CUDA device of pe 16
Pe 19 physical rank 19 will use CUDA device of pe 16
Pe 10 physical rank 10 will use CUDA device of pe 16
Pe 15 physical rank 15 will use CUDA device of pe 16
Pe 7 physical rank 7 will use CUDA device of pe 16
Pe 13 physical rank 13 will use CUDA device of pe 16
Pe 11 physical rank 11 will use CUDA device of pe 16
Pe 6 physical rank 6 will use CUDA device of pe 16
Pe 8 physical rank 8 will use CUDA device of pe 16
Pe 17 physical rank 17 will use CUDA device of pe 16
Pe 14 physical rank 14 will use CUDA device of pe 16
Pe 18 physical rank 18 will use CUDA device of pe 16
Pe 2 physical rank 2 will use CUDA device of pe 16
Pe 12 physical rank 12 will use CUDA device of pe 16
Pe 9 physical rank 9 will use CUDA device of pe 16
Pe 1 physical rank 1 will use CUDA device of pe 16
Pe 5 physical rank 5 will use CUDA device of pe 16
Pe 4 physical rank 4 will use CUDA device of pe 16
Pe 16 physical rank 16 binding to CUDA device 0 on PRL-VERMAAS-WS9: 'NVIDIA GeForce RTX 4090'  Mem: 24077MB  Rev: 8.9  PCI: 0:1:0
Info: NAMD 2.14 for Linux-x86_64-multicore-CUDA
Info: 
Info: Please visit http://www.ks.uiuc.edu/Research/namd/
Info: for updates, documentation, and support information.
Info: 
Info: Please cite Phillips et al., J. Chem. Phys. 153:044130 (2020) doi:10.1063/5.0014475
Info: in all publications reporting results obtained with NAMD.
Info: 
Info: Based on Charm++/Converse 61002 for multicore-linux-x86_64
Info: Built Mon Dec 19 03:29:39 PM EST 2022 by josh on PRL-VERMAAS-WS6
Info: 1 NAMD  2.14  Linux-x86_64-multicore-CUDA  20    PRL-VERMAAS-WS9  nitin
Info: Running on 20 processors, 1 nodes, 1 physical nodes.
Info: CPU topology information available.
Info: Charm++/Converse parallel runtime startup completed at 0.147966 s
CkLoopLib is used in SMP with simple dynamic scheduling (converse-level notification)
Info: 108.75 MB of memory in use based on /proc/self/stat
Info: Configuration file is md.in
Info: Working in the current directory /serviceberry/tank/nitin/small_molecule/channels/norA_data_scores/md_simulations/westpa/WESTPA2.0-NAMD-main/norA_onlyprotein/traj_segs/000001/000004
TCL: Suspending until startup complete.
Info: EXTENDED SYSTEM FILE   parent.xsc
Info: SIMULATION PARAMETERS:
Info: TIMESTEP               2
Info: NUMBER OF STEPS        0
Info: STEPS PER CYCLE        200
Info: PERIODIC CELL BASIS 1  100 0 0
Info: PERIODIC CELL BASIS 2  0 100 0
Info: PERIODIC CELL BASIS 3  0 0 100
Info: PERIODIC CELL CENTER   0.16 -0.04 0
Info: LOAD BALANCER  Centralized
Info: LOAD BALANCING STRATEGY  New Load Balancers -- DEFAULT
Info: LDB PERIOD             40000 steps
Info: FIRST LDB TIMESTEP     1000
Info: LAST LDB TIMESTEP     -1
Info: LDB BACKGROUND SCALING 1
Info: HOM BACKGROUND SCALING 1
Info: PME BACKGROUND SCALING 1
Info: MIN ATOMS PER PATCH    40
Info: VELOCITY FILE          parent.vel
Info: CENTER OF MASS MOVING INITIALLY? NO
Info: DIELECTRIC             1
Info: EXCLUDE                SCALED ONE-FOUR
Info: 1-4 ELECTROSTATICS SCALED BY 1
Info: MODIFIED 1-4 VDW PARAMETERS WILL BE USED
Info: DCD FILENAME           seg.dcd
Info: DCD FREQUENCY          500
Info: DCD FIRST STEP         500
Info: DCD FILE WILL CONTAIN UNIT CELL DATA
Info: NO EXTENDED SYSTEM TRAJECTORY OUTPUT
Info: NO VELOCITY DCD OUTPUT
Info: NO FORCE DCD OUTPUT
Info: OUTPUT FILENAME        seg
Info: BINARY OUTPUT FILES WILL BE USED
Info: RESTART FILENAME       seg.restart
Info: RESTART FREQUENCY      10000
Info: BINARY RESTART FILES WILL BE USED
Info: SWITCHING ACTIVE
Info: VDW FORCE SWITCHING ACTIVE
Info: SWITCHING ON           10
Info: SWITCHING OFF          12
Info: PAIRLIST DISTANCE      14
Info: PAIRLIST SHRINK RATE   0.01
Info: PAIRLIST GROW RATE     0.01
Info: PAIRLIST TRIGGER       0.3
Info: PAIRLISTS PER CYCLE    2
Info: PAIRLISTS ENABLED
Info: MARGIN                 8
Warning: MARGIN IS UNUSUALLY LARGE AND WILL LOWER PERFORMANCE
Warning: MARGIN INCREASED PATCH VOLUME BY A FACTOR OF 3.27376
Info: HYDROGEN GROUP CUTOFF  2.5
Info: PATCH DIMENSION        24.5
Info: ENERGY OUTPUT STEPS    500
Info: CROSSTERM ENERGY INCLUDED IN DIHEDRAL
Info: TIMING OUTPUT STEPS    1000
Info: LANGEVIN DYNAMICS ACTIVE
Info: LANGEVIN TEMPERATURE   298
Info: LANGEVIN USING BBK INTEGRATOR
Info: LANGEVIN DAMPING COEFFICIENT IS 1 INVERSE PS
Info: LANGEVIN DYNAMICS NOT APPLIED TO HYDROGENS
Info: PARTICLE MESH EWALD (PME) ACTIVE
Info: PME TOLERANCE               1e-06
Info: PME EWALD COEFFICIENT       0.257952
Info: PME INTERPOLATION ORDER     4
Info: PME GRID DIMENSIONS         108 108 108
Info: PME MAXIMUM GRID SPACING    1
Info: Attempting to read FFTW data from system
Info: Attempting to read FFTW data from FFTW_NAMD_2.14_Linux-x86_64-multicore-CUDA_FFTW3.txt
Info: Optimizing 6 FFT steps.  1... 2... 3... 4... 5... 6...   Done.
Info: Writing FFTW data to FFTW_NAMD_2.14_Linux-x86_64-multicore-CUDA_FFTW3.txt
Info: FULL ELECTROSTATIC EVALUATION FREQUENCY      2
Info: USING VERLET I (r-RESPA) MTS SCHEME.
Info: C1 SPLITTING OF LONG RANGE ELECTROSTATICS
Info: PLACING ATOMS IN PATCHES BY HYDROGEN GROUPS
Info: RIGID BONDS TO HYDROGEN : ALL
Info:         ERROR TOLERANCE : 1e-08
Info:          MAX ITERATIONS : 100
Info: RIGID WATER USING SETTLE ALGORITHM
Info: RANDOM NUMBER SEED     1767901839
Info: USE HYDROGEN BONDS?    NO
Info: COORDINATE PDB         ./norA_inopen.pdb
Info: STRUCTURE FILE         ./norA_inopen.psf
Info: PARAMETER file: CHARMM format! 
Info: PARAMETERS             toppar/glc.prm
Info: PARAMETERS             toppar/cye.prm
Info: PARAMETERS             toppar/par_all36m_prot.prm
Info: PARAMETERS             toppar/par_all36_carb.prm
Info: PARAMETERS             toppar/par_all36_na.prm
Info: PARAMETERS             toppar/par_all36_cgenff.prm
Info: PARAMETERS             toppar/par_interface.prm
Info: PARAMETERS             toppar/par_all36_lipid.prm
Info: PARAMETERS             toppar/cam.str
Info: PARAMETERS             toppar/toppar_all36_carb_glycolipid.str
Info: PARAMETERS             toppar/toppar_all36_carb_glycopeptide.str
Info: PARAMETERS             toppar/toppar_all36_carb_imlab.str
Info: PARAMETERS             toppar/toppar_all36_label_fluorophore.str
Info: PARAMETERS             toppar/toppar_all36_label_spin.str
Info: PARAMETERS             toppar/toppar_all36_lipid_archaeal.str
Info: PARAMETERS             toppar/toppar_all36_lipid_bacterial.str
Info: PARAMETERS             toppar/toppar_all36_lipid_cardiolipin.str
Info: PARAMETERS             toppar/toppar_all36_lipid_cholesterol.str
Info: PARAMETERS             toppar/toppar_all36_lipid_dag.str
Info: PARAMETERS             toppar/toppar_all36_lipid_detergent.str
Info: PARAMETERS             toppar/toppar_all36_lipid_ether.str
Info: PARAMETERS             toppar/toppar_all36_lipid_hmmm.str
Info: PARAMETERS             toppar/toppar_all36_lipid_inositol.str
Info: PARAMETERS             toppar/toppar_all36_lipid_lnp.str
Info: PARAMETERS             toppar/toppar_all36_lipid_lps.str
Info: PARAMETERS             toppar/toppar_all36_lipid_miscellaneous.str
Info: PARAMETERS             toppar/toppar_all36_lipid_model.str
Info: PARAMETERS             toppar/toppar_all36_lipid_mycobacterial.str
Info: PARAMETERS             toppar/toppar_all36_lipid_oxidized.str
Info: PARAMETERS             toppar/toppar_all36_lipid_prot.str
Info: PARAMETERS             toppar/toppar_all36_lipid_sphingo.str
Info: PARAMETERS             toppar/toppar_all36_lipid_tag.str
Info: PARAMETERS             toppar/toppar_all36_lipid_yeast.str
Info: PARAMETERS             toppar/toppar_all36_moreions.str
Info: PARAMETERS             toppar/toppar_all36_na_nad_ppi.str
Info: PARAMETERS             toppar/toppar_all36_nano_lig_patch.str
Info: PARAMETERS             toppar/toppar_all36_nano_lig.str
Info: PARAMETERS             toppar/toppar_all36_na_rna_modified.str
Info: PARAMETERS             toppar/toppar_all36_polymer_solvent.str
Info: PARAMETERS             toppar/toppar_all36_prot_arg0.str
Info: PARAMETERS             toppar/toppar_all36_prot_c36m_d_aminoacids.str
Info: PARAMETERS             toppar/toppar_all36_prot_fluoro_alkanes.str
Info: PARAMETERS             toppar/toppar_all36_prot_heme.str
Info: PARAMETERS             toppar/toppar_all36_prot_model.str
Info: PARAMETERS             toppar/toppar_all36_prot_modify_res.str
Info: PARAMETERS             toppar/toppar_all36_prot_na_combined.str
Info: PARAMETERS             toppar/toppar_all36_prot_retinol.str
Info: PARAMETERS             toppar/toppar_all36_synthetic_polymer_patch.str
Info: PARAMETERS             toppar/toppar_all36_synthetic_polymer.str
Info: PARAMETERS             toppar/toppar_dum_noble_gases.str
Info: PARAMETERS             toppar/toppar_ions_won.str
Info: PARAMETERS             toppar/toppar_water_ions.str
Info: USING ARITHMETIC MEAN TO COMBINE L-J SIGMA PARAMETERS
Info: BINARY COORDINATES     parent.coor
Info: SKIPPING rtf SECTION IN STREAM FILE
Info: SKIPPING rtf SECTION IN STREAM FILE
Info: SKIPPING rtf SECTION IN STREAM FILE
Info: SKIPPING rtf SECTION IN STREAM FILE
Info: SKIPPING rtf SECTION IN STREAM FILE
Info: SKIPPING rtf SECTION IN STREAM FILE
Info: SKIPPING rtf SECTION IN STREAM FILE
Info: SKIPPING rtf SECTION IN STREAM FILE
Info: SKIPPING rtf SECTION IN STREAM FILE
Info: SKIPPING rtf SECTION IN STREAM FILE
Warning: SKIPPING PART OF PARAMETER FILE AFTER RETURN STATEMENT
Info: SKIPPING rtf SECTION IN STREAM FILE
Info: SKIPPING rtf SECTION IN STREAM FILE
Info: SKIPPING rtf SECTION IN STREAM FILE
Info: SKIPPING rtf SECTION IN STREAM FILE
Info: SKIPPING rtf SECTION IN STREAM FILE
Info: SKIPPING rtf SECTION IN STREAM FILE
Info: SKIPPING rtf SECTION IN STREAM FILE
Info: SKIPPING rtf SECTION IN STREAM FILE
Info: SKIPPING rtf SECTION IN STREAM FILE
Info: SKIPPING rtf SECTION IN STREAM FILE

Warning: DUPLICATE DIHEDRAL ENTRY FOR CTL2-CG2O5-CTL1-CTL3
PREVIOUS VALUES MULTIPLICITY: 2
  k=0.75  n=1  delta=0
  k=0.18  n=2  delta=180
INCREASING MULTIPLICITY TO: 3
  k=0.065  n=3  delta=0
Info: SKIPPING rtf SECTION IN STREAM FILE

Warning: DUPLICATE BOND ENTRY FOR CEL1-CL
PREVIOUS VALUES  k=440  x0=1.489
   USING VALUES  k=300  x0=1.48
Info: SKIPPING rtf SECTION IN STREAM FILE
Info: SKIPPING rtf SECTION IN STREAM FILE

Warning: DUPLICATE DIHEDRAL ENTRY FOR NHL-C-CTO1-HAL1
PREVIOUS VALUES MULTIPLICITY: 1
  k=0  n=1  delta=0
INCREASING MULTIPLICITY TO: 2
  k=0  n=3  delta=0

Warning: DUPLICATE DIHEDRAL ENTRY FOR O-C-CTO1-HAL1
PREVIOUS VALUES MULTIPLICITY: 1
  k=0  n=1  delta=0
INCREASING MULTIPLICITY TO: 2
  k=0  n=2  delta=180
Info: SKIPPING rtf SECTION IN STREAM FILE
Info: SKIPPING rtf SECTION IN STREAM FILE
Info: SKIPPING rtf SECTION IN STREAM FILE
Info: SKIPPING rtf SECTION IN STREAM FILE
Info: SKIPPING rtf SECTION IN STREAM FILE
Info: SKIPPING rtf SECTION IN STREAM FILE
Info: SKIPPING rtf SECTION IN STREAM FILE
Warning: SKIPPING PART OF PARAMETER FILE AFTER RETURN STATEMENT
Info: SKIPPING rtf SECTION IN STREAM FILE
Info: SKIPPING rtf SECTION IN STREAM FILE
Info: SKIPPING rtf SECTION IN STREAM FILE
Info: SKIPPING rtf SECTION IN STREAM FILE
Info: SKIPPING rtf SECTION IN STREAM FILE
Info: SKIPPING rtf SECTION IN STREAM FILE
Info: SKIPPING rtf SECTION IN STREAM FILE
Info: SKIPPING rtf SECTION IN STREAM FILE
Info: SKIPPING rtf SECTION IN STREAM FILE
Info: SKIPPING rtf SECTION IN STREAM FILE
Info: SKIPPING rtf SECTION IN STREAM FILE
Info: SKIPPING rtf SECTION IN STREAM FILE
Info: SKIPPING rtf SECTION IN STREAM FILE
Info: SKIPPING rtf SECTION IN STREAM FILE
Info: SUMMARY OF PARAMETERS:
Info: 1988 BONDS
Info: 6803 ANGLES
Info: 20090 DIHEDRAL
Info: 430 IMPROPER
Info: 28 CROSSTERM
Info: 751 VDW
Info: 122 VDW_PAIRS
Info: 0 NBTHOLE_PAIRS
Info: TIME FOR READING PSF FILE: 1.83179
Info: Reading pdb file ./norA_inopen.pdb
Info: TIME FOR READING PDB FILE: 0.00482916
Info: 
Info: LONG-RANGE LJ: APPLYING ANALYTICAL CORRECTIONS TO ENERGY AND PRESSURE
Info: LONG-RANGE LJ: AVERAGE A AND B COEFFICIENTS 277714 AND 196.726
Info: ****************************
Info: STRUCTURE SUMMARY:
Info: 6078 ATOMS
Info: 6152 BONDS
Info: 11169 ANGLES
Info: 16292 DIHEDRALS
Info: 932 IMPROPERS
Info: 385 CROSSTERMS
Info: 0 EXCLUSIONS
Info: 3098 RIGID BONDS
Info: 15136 DEGREES OF FREEDOM
Info: 2980 HYDROGEN GROUPS
Info: 4 ATOMS IN LARGEST HYDROGEN GROUP
Info: 2980 MIGRATION GROUPS
Info: 4 ATOMS IN LARGEST MIGRATION GROUP
Info: TOTAL MASS = 42196.7 amu
Info: TOTAL CHARGE = 4 e
Info: MASS DENSITY = 0.0700709 g/cm^3
Info: ATOM DENSITY = 0.006078 atoms/A^3
Info: *****************************
Info: Reading from binary file parent.coor
Info: 
Info: Entering startup at 3.28116 s, 125.25 MB of memory in use
Info: Startup phase 0 took 0.000102903 s, 125.25 MB of memory in use
Info: ADDED 33342 IMPLICIT EXCLUSIONS
Info: Startup phase 1 took 0.00245048 s, 125.25 MB of memory in use
Info: NONBONDED TABLE R-SQUARED SPACING: 0.0625
Info: NONBONDED TABLE SIZE: 769 POINTS
Info: INCONSISTENCY IN FAST TABLE ENERGY VS FORCE: 0.000325096 AT 11.9556
Info: INCONSISTENCY IN SCOR TABLE ENERGY VS FORCE: 0.000324844 AT 11.9556
Info: INCONSISTENCY IN VDWA TABLE ENERGY VS FORCE: 0.0040507 AT 0.251946
Info: INCONSISTENCY IN VDWB TABLE ENERGY VS FORCE: 0.00150189 AT 0.251946
Info: Startup phase 2 took 0.0135243 s, 142.5 MB of memory in use
Info: Startup phase 3 took 6.4481e-05 s, 142.5 MB of memory in use
Info: Startup phase 4 took 0.000126969 s, 144.25 MB of memory in use
Info: Startup phase 5 took 4.6908e-05 s, 144.25 MB of memory in use
Info: PATCH GRID IS 4 (PERIODIC) BY 4 (PERIODIC) BY 4 (PERIODIC)
Info: PATCH GRID IS 1-AWAY BY 1-AWAY BY 1-AWAY
Info: Reading from binary file parent.vel
Info: REMOVING COM VELOCITY 0.0206207 -0.0858377 0.00901508
Info: LARGEST PATCH (25) HAS 1034 ATOMS
Info: TORUS A SIZE 1 USING 0
Info: TORUS B SIZE 1 USING 0
Info: TORUS C SIZE 1 USING 0
Info: TORUS MINIMAL MESH SIZE IS 1 BY 1 BY 1
Info: Placed 100% of base nodes on same physical node as patch
Info: Startup phase 6 took 0.000634044 s, 144.5 MB of memory in use
Info: PME using 1 x 1 x 1 pencil grid for FFT and reciprocal sum.
Info: Startup phase 7 took 0.00011207 s, 144.5 MB of memory in use
Info: Updated CUDA force table with 4096 elements.
Info: Updated CUDA LJ table with 751 x 751 elements.
Info: Startup phase 8 took 0.00565521 s, 153.25 MB of memory in use
Info: Startup phase 9 took 6.7818e-05 s, 153.25 MB of memory in use
Info: Startup phase 10 took 4.9303e-05 s, 153.25 MB of memory in use
Info: Startup phase 11 took 0.00200451 s, 156 MB of memory in use
LDB: Central LB being created...
Info: Startup phase 12 took 0.00164016 s, 159.5 MB of memory in use
Info: CREATING 1504 COMPUTE OBJECTS
Info: Found 309 unique exclusion lists needing 996 bytes
Info: useSync: 0 useProxySync: 0
Info: Startup phase 13 took 0.00636659 s, 164 MB of memory in use
Info: Startup phase 14 took 0.00297709 s, 164 MB of memory in use
Info: Startup phase 15 took 2.2983e-05 s, 164 MB of memory in use
Info: Finished startup at 3.317 s, 164 MB of memory in use

TCL: Running for 50000 steps
ETITLE:      TS           BOND          ANGLE          DIHED          IMPRP               ELECT            VDW       BOUNDARY           MISC        KINETIC               TOTAL           TEMP      POTENTIAL         TOTAL3        TEMPAVG            PRESSURE      GPRESSURE         VOLUME       PRESSAVG      GPRESSAVG

ENERGY:       0      1213.2598      3459.0212      3544.8125       226.5255          -4505.2046     -1097.6966         0.0000         0.0000      4446.8585           7287.5764       295.6872      2840.7179      7342.0962       295.6872             93.6994        95.7342   1000000.0000        93.6994        95.7342

LDB: ============= START OF LOAD BALANCING ============== 3.48453
LDB: ============== END OF LOAD BALANCING =============== 3.48458
Info: useSync: 0 useProxySync: 0
LDB: =============== DONE WITH MIGRATION ================ 3.48463
ENERGY:     500      1239.0046      3458.0346      3605.2059       211.8378          -4497.9380     -1160.3246         0.0000         0.0000      4419.8695           7275.6898       293.8926      2855.8203      7330.2048       295.8178             -1.0891        -0.8781   1000000.0000        -7.7644        -7.7527

OPENING COORDINATE DCD FILE
WRITING COORDINATES TO DCD FILE seg.dcd AT STEP 500
The last position output (seq=500) takes 0.004 seconds, 182.750 MB of memory in use
LDB: ============= START OF LOAD BALANCING ============== 4.05485
LDB: Partitioning computes with target load 0.000000
LDB: Increased migratable compute count from 0 to 0
LDB: Largest unpartitionable compute is 0.000000
LDB: ============== END OF LOAD BALANCING =============== 4.055
Info: useSync: 0 useProxySync: 0
LDB: =============== DONE WITH MIGRATION ================ 4.05529
Info: Initial time: 20 CPUs 0.000733856 s/step 0.00424685 days/ns 183 MB memory
TIMING: 1000  CPU: 0.735851, 0.000723404/step  Wall: 0.749189, 0.000734456/step, 0.00999676 hours remaining, 183.000000 MB of memory in use.
ENERGY:    1000      1211.1384      3529.1591      3571.3485       213.0797          -4569.3647     -1186.0112         0.0000         0.0000      4436.1373           7205.4872       294.9743      2769.3499      7261.8626       294.1877             36.1509        36.3532   1000000.0000         1.2875         1.2521

WRITING COORDINATES TO DCD FILE seg.dcd AT STEP 1000
The last position output (seq=1000) takes 0.000 seconds, 183.000 MB of memory in use
LDB: ============= START OF LOAD BALANCING ============== 4.18333
LDB: ============== END OF LOAD BALANCING =============== 4.18337
Info: useSync: 0 useProxySync: 0
LDB: =============== DONE WITH MIGRATION ================ 4.18343
ENERGY:    1500      1297.5913      3510.4491      3568.4520       197.5828          -4490.9587     -1223.4904         0.0000         0.0000      4312.5041           7172.1301       286.7535      2859.6261      7222.6244       293.3323            -21.1614       -18.5445   1000000.0000       -10.4587       -10.4563

WRITING COORDINATES TO DCD FILE seg.dcd AT STEP 1500
The last position output (seq=1500) takes 0.000 seconds, 183.000 MB of memory in use
LDB: ============= START OF LOAD BALANCING ============== 4.71447
LDB: TIME 4.71456 LOAD: AVG 0.067882 MAX 0.168566  PROXIES: TOTAL 250 MAXPE 18 MAXPATCH 6 None MEM: 183 MB
LDB: TIME 4.71461 LOAD: AVG 0.067882 MAX 0.168566  PROXIES: TOTAL 250 MAXPE 18 MAXPATCH 6 TorusLB MEM: 183 MB
LDB: ============== END OF LOAD BALANCING =============== 4.71467
Info: useSync: 0 useProxySync: 0
LDB: =============== DONE WITH MIGRATION ================ 4.7149
Info: Initial time: 20 CPUs 0.000659521 s/step 0.00381667 days/ns 183 MB memory
TIMING: 2000  CPU: 1.39196, 0.000656112/step  Wall: 1.40928, 0.000660091/step, 0.00880122 hours remaining, 183.000000 MB of memory in use.
ENERGY:    2000      1205.1719      3462.4391      3514.1005       208.7426          -4505.6228     -1117.8984         0.0000         0.0000      4383.6020           7150.5350       291.4811      2766.9330      7202.1811       293.0921              0.7275         2.2882   1000000.0000         7.1056         7.1132

WRITING COORDINATES TO DCD FILE seg.dcd AT STEP 2000
The last position output (seq=2000) takes 0.000 seconds, 183.000 MB of memory in use
ENERGY:    2500      1247.6948      3440.7910      3533.5279       203.1284          -4483.5651     -1201.2340         0.0000         0.0000      4390.5132           7130.8562       291.9406      2740.3430      7184.0946       290.9526            -18.9547       -15.0439   1000000.0000       -22.6970       -22.6969

WRITING COORDINATES TO DCD FILE seg.dcd AT STEP 2500
The last position output (seq=2500) takes 0.000 seconds, 183.250 MB of memory in use
LDB: ============= START OF LOAD BALANCING ============== 5.41535
LDB: TIME 5.41546 LOAD: AVG 0.0821643 MAX 0.205831  PROXIES: TOTAL 250 MAXPE 18 MAXPATCH 6 None MEM: 183.25 MB
LDB: TIME 5.41551 LOAD: AVG 0.0821643 MAX 0.20583  PROXIES: TOTAL 250 MAXPE 18 MAXPATCH 6 RefineTorusLB MEM: 183.25 MB
LDB: TIME 5.41553 LOAD: AVG 0.0821643 MAX 0.20583  PROXIES: TOTAL 250 MAXPE 18 MAXPATCH 6 RefineTorusLB MEM: 183.25 MB
LDB: ============== END OF LOAD BALANCING =============== 5.41559
Info: useSync: 0 useProxySync: 0
LDB: =============== DONE WITH MIGRATION ================ 5.41581
WRITING COORDINATES TO DCD FILE seg.dcd AT STEP 3000
The last position output (seq=3000) takes 0.000 seconds, 183.250 MB of memory in use
Info: Initial time: 20 CPUs 0.000700554 s/step 0.00405413 days/ns 183.25 MB memory
TIMING: 3000  CPU: 2.08934, 0.000697381/step  Wall: 2.11031, 0.00070103/step, 0.00915234 hours remaining, 183.250000 MB of memory in use.
ENERGY:    3000      1216.9084      3513.5050      3545.0183       190.5724          -4460.5197     -1149.1621         0.0000         0.0000      4460.8299           7317.1521       296.6162      2856.3223      7366.6601       294.2940             49.0789        50.0878   1000000.0000         8.7578         8.7809

ENERGY:    3500      1240.4403      3490.8545      3591.8896       187.6978          -4502.0660     -1185.5104         0.0000         0.0000      4403.4200           7226.7257       292.7989      2823.3057      7283.0030       295.1322            -43.4741       -42.9281   1000000.0000         2.3683         2.3549

WRITING COORDINATES TO DCD FILE seg.dcd AT STEP 3500
The last position output (seq=3500) takes 0.000 seconds, 183.250 MB of memory in use
LDB: ============= START OF LOAD BALANCING ============== 6.08637
LDB: TIME 6.08647 LOAD: AVG 0.0797945 MAX 0.208779  PROXIES: TOTAL 250 MAXPE 18 MAXPATCH 6 None MEM: 183.25 MB
LDB: TIME 6.0865 LOAD: AVG 0.0797945 MAX 0.208779  PROXIES: TOTAL 250 MAXPE 18 MAXPATCH 6 RefineTorusLB MEM: 183.25 MB
LDB: TIME 6.08652 LOAD: AVG 0.0797945 MAX 0.208779  PROXIES: TOTAL 250 MAXPE 18 MAXPATCH 6 RefineTorusLB MEM: 183.25 MB
LDB: ============== END OF LOAD BALANCING =============== 6.08659
Info: useSync: 0 useProxySync: 0
LDB: =============== DONE WITH MIGRATION ================ 6.08684
Info: Benchmark time: 20 CPUs 0.00067076 s/step 0.00388171 days/ns 183.25 MB memory
TIMING: 4000  CPU: 2.75638, 0.00066704/step  Wall: 2.78158, 0.000671271/step, 0.00857735 hours remaining, 183.250000 MB of memory in use.
ENERGY:    4000      1259.5639      3550.0677      3540.5947       199.0402          -4508.4573     -1196.1324         0.0000         0.0000      4456.9536           7301.6304       296.3585      2844.6768      7351.9505       296.5944            -33.8357       -33.1905   1000000.0000        -9.9755        -9.9719

WRITING COORDINATES TO DCD FILE seg.dcd AT STEP 4000
The last position output (seq=4000) takes 0.000 seconds, 183.250 MB of memory in use
ENERGY:    4500      1270.7136      3471.9669      3555.1155       204.5399          -4512.5556     -1148.9161         0.0000         0.0000      4446.3922           7287.2564       295.6562      2840.8642      7343.5847       294.9939            -45.5409       -43.6085   1000000.0000       -10.3882       -10.3760

WRITING COORDINATES TO DCD FILE seg.dcd AT STEP 4500
The last position output (seq=4500) takes 0.000 seconds, 183.250 MB of memory in use
Info: Benchmark time: 20 CPUs 0.000647697 s/step 0.00374824 days/ns 183.25 MB memory
TIMING: 5000  CPU: 3.3999, 0.000643515/step  Wall: 3.42934, 0.000647762/step, 0.00809702 hours remaining, 183.250000 MB of memory in use.
ETITLE:      TS           BOND          ANGLE          DIHED          IMPRP               ELECT            VDW       BOUNDARY           MISC        KINETIC               TOTAL           TEMP      POTENTIAL         TOTAL3        TEMPAVG            PRESSURE      GPRESSURE         VOLUME       PRESSAVG      GPRESSAVG

ENERGY:    5000      1212.8413      3535.5263      3536.9546       208.3707          -4544.6543     -1132.2596         0.0000         0.0000      4593.8340           7410.6130       305.4602      2816.7789      7470.9066       297.7978            -19.4868       -17.6669   1000000.0000         1.3196         1.3382

WRITING COORDINATES TO DCD FILE seg.dcd AT STEP 5000
The last position output (seq=5000) takes 0.000 seconds, 183.250 MB of memory in use
ENERGY:    5500      1223.5036      3575.6194      3528.8053       186.8335          -4482.5855     -1193.7442         0.0000         0.0000      4527.8089           7366.2410       301.0699      2838.4321      7423.2253       298.7713            -17.2483       -15.1067   1000000.0000       -16.8931       -16.9161

WRITING COORDINATES TO DCD FILE seg.dcd AT STEP 5500
Info: Benchmark time: 20 CPUs 0.000664872 s/step 0.00384764 days/ns 183.25 MB memory
TIMING: 6000  CPU: 4.05477, 0.00065487/step  Wall: 4.09429, 0.000664943/step, 0.00812709 hours remaining, 183.250000 MB of memory in use.
ENERGY:    6000      1236.4847      3563.0362      3560.5445       186.8235          -4483.2378     -1200.2129         0.0000         0.0000      4394.1899           7257.6281       292.1851      2863.4382      7312.3089       298.0094             30.2689        31.5900   1000000.0000       -10.8834       -10.8870

WRITING COORDINATES TO DCD FILE seg.dcd AT STEP 6000
ENERGY:    6500      1242.7588      3479.7385      3477.9477       212.9422          -4509.9612     -1170.9978         0.0000         0.0000      4492.6742           7225.1023       298.7337      2732.4281      7285.2629       295.3162             11.9218        13.4780   1000000.0000         1.8497         1.8067

WRITING COORDINATES TO DCD FILE seg.dcd AT STEP 6500
WRITING COORDINATES TO DCD FILE seg.dcd AT STEP 7000
Info: Benchmark time: 20 CPUs 0.000703917 s/step 0.00407359 days/ns 183.25 MB memory
TIMING: 7000  CPU: 4.75464, 0.000699867/step  Wall: 4.79822, 0.000703934/step, 0.0084081 hours remaining, 183.250000 MB of memory in use.
ENERGY:    7000      1234.4470      3450.9233      3520.7334       211.5178          -4473.8921     -1162.6123         0.0000         0.0000      4452.4914           7233.6084       296.0618      2781.1170      7287.9087       294.0580             18.7169        20.1339   1000000.0000       -16.1299       -16.1254

ENERGY:    7500      1270.6288      3605.5672      3534.1095       206.8058          -4556.3566     -1167.2871         0.0000         0.0000      4412.1560           7305.6234       293.3797      2893.4674      7354.6855       294.0241            -32.9878       -32.9142   1000000.0000        10.7910        10.7848

WRITING COORDINATES TO DCD FILE seg.dcd AT STEP 7500
Info: Benchmark time: 20 CPUs 0.00070842 s/step 0.00409965 days/ns 183.25 MB memory
TIMING: 8000  CPU: 5.4554, 0.000700761/step  Wall: 5.50669, 0.000708472/step, 0.00826551 hours remaining, 183.250000 MB of memory in use.
ENERGY:    8000      1336.3303      3493.5520      3531.1172       183.8209          -4510.8142     -1206.7376         0.0000         0.0000      4480.1241           7307.3927       297.8992      2827.2686      7365.1548       295.8787           -138.9015      -137.0320   1000000.0000       -12.5141       -12.5162

WRITING COORDINATES TO DCD FILE seg.dcd AT STEP 8000
ENERGY:    8500      1242.9032      3572.2668      3535.5477       200.4318          -4521.3489     -1144.1983         0.0000         0.0000      4443.5474           7329.1497       295.4671      2885.6023      7385.0006       297.2325             32.8518        34.0358   1000000.0000         7.2286         7.2167

WRITING COORDINATES TO DCD FILE seg.dcd AT STEP 8500
Info: Benchmark time: 20 CPUs 0.000691341 s/step 0.00400082 days/ns 183.25 MB memory
TIMING: 9000  CPU: 6.14045, 0.000685053/step  Wall: 6.19807, 0.000691381/step, 0.00787406 hours remaining, 183.250000 MB of memory in use.
ENERGY:    9000      1249.5521      3505.7719      3564.0719       201.9752          -4494.5427     -1159.6920         0.0000         0.0000      4428.3537           7295.4900       294.4568      2867.1363      7351.3358       297.7033            -49.5490       -47.4823   1000000.0000        -2.8139        -2.7924

WRITING COORDINATES TO DCD FILE seg.dcd AT STEP 9000
ENERGY:    9500      1257.1023      3535.3942      3554.0214       206.2979          -4516.3656     -1166.4368         0.0000         0.0000      4407.5679           7277.5813       293.0747      2870.0134      7332.4994       296.8107              7.3538         8.5864   1000000.0000       -13.4215       -13.4373

WRITING COORDINATES TO DCD FILE seg.dcd AT STEP 9500
TIMING: 10000  CPU: 6.79079, 0.000650342/step  Wall: 6.85264, 0.00065457/step, 0.007273 hours remaining, 183.750000 MB of memory in use.
ETITLE:      TS           BOND          ANGLE          DIHED          IMPRP               ELECT            VDW       BOUNDARY           MISC        KINETIC               TOTAL           TEMP      POTENTIAL         TOTAL3        TEMPAVG            PRESSURE      GPRESSURE         VOLUME       PRESSAVG      GPRESSAVG

ENERGY:   10000      1238.7679      3552.0072      3532.6307       201.6158          -4495.2836     -1208.6932         0.0000         0.0000      4479.1611           7300.2059       297.8351      2821.0448      7355.4604       294.9429             -0.1393         0.3904   1000000.0000        -9.9380        -9.9608

WRITING EXTENDED SYSTEM TO RESTART FILE AT STEP 10000
WRITING COORDINATES TO DCD FILE seg.dcd AT STEP 10000
WRITING COORDINATES TO RESTART FILE AT STEP 10000
FINISHED WRITING RESTART COORDINATES
WRITING VELOCITIES TO RESTART FILE AT STEP 10000
FINISHED WRITING RESTART VELOCITIES
The last velocity output (seq=10000) takes 0.039 seconds, 183.750 MB of memory in use
ENERGY:   10500      1225.8304      3575.7118      3563.3509       208.8355          -4472.8537     -1237.0380         0.0000         0.0000      4470.2940           7334.1308       297.2455      2863.8368      7386.9567       296.8931            -52.1037       -49.6384   1000000.0000       -17.7055       -17.7068

WRITING COORDINATES TO DCD FILE seg.dcd AT STEP 10500
TIMING: 11000  CPU: 7.46074, 0.000669949/step  Wall: 7.62501, 0.000772363/step, 0.00836727 hours remaining, 183.750000 MB of memory in use.
ENERGY:   11000      1238.3828      3565.7202      3532.1664       210.6144          -4492.4860     -1165.0772         0.0000         0.0000      4396.2497           7285.5703       292.3221      2889.3206      7339.7204       296.5712             11.6058        13.4093   1000000.0000       -16.3076       -16.2898

WRITING COORDINATES TO DCD FILE seg.dcd AT STEP 11000
ENERGY:   11500      1162.9234      3539.6132      3536.2312       203.0160          -4500.2369     -1157.7913         0.0000         0.0000      4532.2540           7316.0096       301.3655      2783.7556      7375.2046       296.5909             16.0877        17.3838   1000000.0000         2.1187         2.1056

WRITING COORDINATES TO DCD FILE seg.dcd AT STEP 11500
TIMING: 12000  CPU: 8.13651, 0.000675768/step  Wall: 8.30569, 0.000680679/step, 0.00718495 hours remaining, 183.750000 MB of memory in use.
ENERGY:   12000      1253.8689      3536.8533      3527.4758       200.7593          -4503.3433     -1255.2490         0.0000         0.0000      4478.1267           7238.4918       297.7664      2760.3651      7293.9605       296.4692            -60.1154       -57.2861   1000000.0000       -11.1791       -11.1690

WRITING COORDINATES TO DCD FILE seg.dcd AT STEP 12000
ENERGY:   12500      1202.0810      3548.4323      3540.3429       204.3919          -4515.4488     -1165.6738         0.0000         0.0000      4434.7317           7248.8572       294.8809      2814.1254      7307.2149       295.3702             25.6528        26.7869   1000000.0000         5.7839         5.7757

WRITING COORDINATES TO DCD FILE seg.dcd AT STEP 12500
WRITING COORDINATES TO DCD FILE seg.dcd AT STEP 13000
TIMING: 13000  CPU: 8.78034, 0.000643831/step  Wall: 8.95328, 0.000647593/step, 0.00665581 hours remaining, 183.750000 MB of memory in use.
ENERGY:   13000      1238.1101      3421.6250      3575.4391       186.0973          -4518.8802     -1139.8609         0.0000         0.0000      4469.9892           7232.5196       297.2253      2762.5304      7290.2030       294.4949             -4.4816        -2.9029   1000000.0000        -6.5945        -6.5540

ENERGY:   13500      1212.2819      3554.3158      3554.5519       200.5268          -4489.5759     -1159.3896         0.0000         0.0000      4451.7271           7324.4381       296.0110      2872.7110      7375.4364       296.2886             26.8985        28.3213   1000000.0000        -2.4044        -2.3628

WRITING COORDINATES TO DCD FILE seg.dcd AT STEP 13500
TIMING: 14000  CPU: 9.41568, 0.000635338/step  Wall: 9.59297, 0.000639688/step, 0.00639688 hours remaining, 183.750000 MB of memory in use.
ENERGY:   14000      1316.7363      3548.6242      3539.8338       213.2916          -4540.5627     -1202.3069         0.0000         0.0000      4498.3148           7373.9311       299.1087      2875.6163      7426.6804       297.7138            -80.9346       -76.8501   1000000.0000         4.4243         4.4519

WRITING COORDINATES TO DCD FILE seg.dcd AT STEP 14000
ENERGY:   14500      1267.2723      3531.2190      3546.3133       194.8122          -4534.1929     -1165.1314         0.0000         0.0000      4583.5393           7423.8318       304.7756      2840.2926      7482.4570       300.3958            -35.2248       -34.8310   1000000.0000        -3.7492        -3.7598

WRITING COORDINATES TO DCD FILE seg.dcd AT STEP 14500
WRITING COORDINATES TO DCD FILE seg.dcd AT STEP 15000
TIMING: 15000  CPU: 10.0472, 0.000631566/step  Wall: 10.2282, 0.000635238/step, 0.00617593 hours remaining, 183.750000 MB of memory in use.
ETITLE:      TS           BOND          ANGLE          DIHED          IMPRP               ELECT            VDW       BOUNDARY           MISC        KINETIC               TOTAL           TEMP      POTENTIAL         TOTAL3        TEMPAVG            PRESSURE      GPRESSURE         VOLUME       PRESSAVG      GPRESSAVG

ENERGY:   15000      1252.7784      3585.4061      3539.9367       200.8260          -4526.2974     -1186.2306         0.0000         0.0000      4549.8527           7416.2719       302.5357      2866.4192      7476.5011       300.7846            -12.7917       -12.3141   1000000.0000       -20.8682       -20.8559

ENERGY:   15500      1241.9476      3577.3477      3613.4696       223.9594          -4541.9682     -1176.4879         0.0000         0.0000      4453.0668           7391.3351       296.1000      2938.2682      7449.2521       300.6805              4.1551         4.7315   1000000.0000         4.8583         4.8645

WRITING COORDINATES TO DCD FILE seg.dcd AT STEP 15500
WRITING COORDINATES TO DCD FILE seg.dcd AT STEP 16000
TIMING: 16000  CPU: 10.6783, 0.000631019/step  Wall: 10.863, 0.000634771/step, 0.00599506 hours remaining, 183.750000 MB of memory in use.
ENERGY:   16000      1232.2002      3518.3830      3541.7138       198.0367          -4513.9740     -1118.7381         0.0000         0.0000      4521.9298           7379.5513       300.6790      2857.6215      7437.7921       299.9864             36.6309        36.9273   1000000.0000        -9.0325        -9.0406

ENERGY:   16500      1255.2162      3560.2008      3499.5473       192.6786          -4551.5312     -1141.8874         0.0000         0.0000      4524.5578           7338.7820       300.8537      2814.2243      7393.6322       298.3914            -56.0579       -54.0013   1000000.0000        -7.5242        -7.5264

WRITING COORDINATES TO DCD FILE seg.dcd AT STEP 16500
TIMING: 17000  CPU: 11.3288, 0.000650504/step  Wall: 11.5174, 0.000654457/step, 0.00599919 hours remaining, 183.750000 MB of memory in use.
ENERGY:   17000      1258.4715      3506.3408      3562.3659       186.5473          -4559.0076     -1154.3921         0.0000         0.0000      4494.8587           7295.1846       298.8789      2800.3259      7352.9452       296.3432             -4.5729        -1.6506   1000000.0000       -13.3393       -13.3338

WRITING COORDINATES TO DCD FILE seg.dcd AT STEP 17000
ENERGY:   17500      1262.0926      3559.6886      3556.0934       195.0468          -4508.2949     -1211.4513         0.0000         0.0000      4484.9783           7338.1535       298.2220      2853.1752      7396.1283       296.9974            -51.7092       -51.8794   1000000.0000        10.3934        10.4070

WRITING COORDINATES TO DCD FILE seg.dcd AT STEP 17500
TIMING: 18000  CPU: 11.9793, 0.000650546/step  Wall: 12.18, 0.000662532/step, 0.00588918 hours remaining, 183.750000 MB of memory in use.
ENERGY:   18000      1224.6022      3550.2110      3555.3841       205.3371          -4547.4687     -1154.1539         0.0000         0.0000      4514.8189           7348.7306       300.2062      2833.9117      7408.8361       297.5248             62.3016        62.7545   1000000.0000        -7.5139        -7.4837

WRITING COORDINATES TO DCD FILE seg.dcd AT STEP 18000
ENERGY:   18500      1298.2772      3555.5338      3579.6839       212.1444          -4523.0154     -1173.3901         0.0000         0.0000      4338.3164           7287.5504       288.4699      2949.2340      7342.2371       297.5036            -59.5055       -57.6005   1000000.0000        -6.4517        -6.4638

WRITING COORDINATES TO DCD FILE seg.dcd AT STEP 18500
TIMING: 19000  CPU: 12.6219, 0.00064256/step  Wall: 12.8263, 0.000646346/step, 0.00556576 hours remaining, 183.750000 MB of memory in use.
ENERGY:   19000      1302.1595      3539.4299      3538.0141       194.5873          -4579.2881     -1190.0278         0.0000         0.0000      4443.9074           7248.7822       295.4910      2804.8748      7305.1852       294.9702            -70.8767       -69.4686   1000000.0000       -11.5247       -11.5412

WRITING COORDINATES TO DCD FILE seg.dcd AT STEP 19000
ENERGY:   19500      1162.6485      3434.1577      3533.1207       225.0262          -4539.8003     -1191.5546         0.0000         0.0000      4397.5439           7021.1422       292.4081      2623.5983      7075.4279       291.5114             21.0050        23.7036   1000000.0000         9.0279         9.0227

WRITING COORDINATES TO DCD FILE seg.dcd AT STEP 19500
WRITING COORDINATES TO DCD FILE seg.dcd AT STEP 20000
WRITING COORDINATES TO RESTART FILE AT STEP 20000
FINISHED WRITING RESTART COORDINATES
TIMING: 20000  CPU: 13.2616, 0.000639772/step  Wall: 13.5519, 0.000725602/step, 0.00604668 hours remaining, 184.000000 MB of memory in use.
ETITLE:      TS           BOND          ANGLE          DIHED          IMPRP               ELECT            VDW       BOUNDARY           MISC        KINETIC               TOTAL           TEMP      POTENTIAL         TOTAL3        TEMPAVG            PRESSURE      GPRESSURE         VOLUME       PRESSAVG      GPRESSAVG

ENERGY:   20000      1291.7936      3558.6270      3554.2361       185.7177          -4479.8785     -1201.9903         0.0000         0.0000      4365.4645           7273.9701       290.2751      2908.5056      7325.4749       291.7129            -55.7002       -53.4716   1000000.0000        -8.9964        -8.9772

WRITING EXTENDED SYSTEM TO RESTART FILE AT STEP 20000
WRITING VELOCITIES TO RESTART FILE AT STEP 20000
FINISHED WRITING RESTART VELOCITIES
The last velocity output (seq=20000) takes 0.036 seconds, 184.000 MB of memory in use
ENERGY:   20500      1262.0046      3553.2189      3498.2210       222.1466          -4523.7414     -1204.8967         0.0000         0.0000      4413.1586           7220.1115       293.4464      2806.9528      7277.8950       296.0975            -17.5955       -16.6320   1000000.0000        -2.0792        -2.0782

WRITING COORDINATES TO DCD FILE seg.dcd AT STEP 20500
WRITING COORDINATES TO DCD FILE seg.dcd AT STEP 21000
TIMING: 21000  CPU: 13.9048, 0.000643173/step  Wall: 14.2525, 0.0007006/step, 0.00564372 hours remaining, 184.000000 MB of memory in use.
ENERGY:   21000      1263.4883      3472.1540      3527.7369       202.7655          -4498.0845     -1181.9664         0.0000         0.0000      4434.8636           7220.9576       294.8897      2786.0939      7278.0620       294.0792            -67.2036       -66.4219   1000000.0000        -4.0183        -4.0136

ENERGY:   21500      1242.7261      3578.4254      3536.6448       197.8972          -4613.4628     -1166.2263         0.0000         0.0000      4386.4869           7162.4913       291.6729      2776.0045      7216.7060       292.8357             20.4942        23.6919   1000000.0000        -3.7986        -3.8037

WRITING COORDINATES TO DCD FILE seg.dcd AT STEP 21500
TIMING: 22000  CPU: 14.5536, 0.000648777/step  Wall: 14.9079, 0.000655366/step, 0.00509729 hours remaining, 184.000000 MB of memory in use.
ENERGY:   22000      1234.4436      3463.6430      3555.7543       207.9204          -4478.5539     -1188.5369         0.0000         0.0000      4379.1974           7173.8680       291.1882      2794.6705      7231.3803       291.9930            -18.3168       -15.7782   1000000.0000        -3.2354        -3.2355

WRITING COORDINATES TO DCD FILE seg.dcd AT STEP 22000
ENERGY:   22500      1205.3194      3528.4033      3539.0092       211.1947          -4572.2455     -1165.1294         0.0000         0.0000      4472.9146           7219.4663       297.4198      2746.5517      7274.3641       292.5993             21.0274        22.5436   1000000.0000        -9.8089        -9.8201

WRITING COORDINATES TO DCD FILE seg.dcd AT STEP 22500
TIMING: 23000  CPU: 15.205, 0.000651382/step  Wall: 15.5642, 0.000656301/step, 0.00492226 hours remaining, 184.000000 MB of memory in use.
ENERGY:   23000      1233.7338      3525.1909      3572.3819       198.7218          -4547.3081     -1200.5600         0.0000         0.0000      4378.5572           7160.7175       291.1456      2782.1603      7215.3310       293.5790            -40.7074       -38.3034   1000000.0000        -6.6237        -6.6299

WRITING COORDINATES TO DCD FILE seg.dcd AT STEP 23000
ENERGY:   23500      1253.8671      3554.4908      3555.6743       192.0915          -4471.3970     -1227.9321         0.0000         0.0000      4431.6427           7288.4373       294.6755      2856.7946      7343.8219       294.6112            -20.2466       -18.5299   1000000.0000        -5.8205        -5.8216

WRITING COORDINATES TO DCD FILE seg.dcd AT STEP 23500
TIMING: 24000  CPU: 15.8582, 0.000653219/step  Wall: 16.2215, 0.000657304/step, 0.0047472 hours remaining, 184.000000 MB of memory in use.
ENERGY:   24000      1284.7522      3523.8086      3539.3315       218.9711          -4529.4545     -1175.9392         0.0000         0.0000      4452.4622           7313.9319       296.0598      2861.4697      7370.9062       295.9706             18.5351        18.3883   1000000.0000        -9.9112        -9.9091

WRITING COORDINATES TO DCD FILE seg.dcd AT STEP 24000
ENERGY:   24500      1217.9994      3531.4443      3569.5874       216.2410          -4539.8515     -1165.9766         0.0000         0.0000      4446.0155           7275.4596       295.6312      2829.4441      7330.6378       297.4740             75.1504        76.0360   1000000.0000         7.5020         7.4998

WRITING COORDINATES TO DCD FILE seg.dcd AT STEP 24500
TIMING: 25000  CPU: 16.5027, 0.000644544/step  Wall: 16.8694, 0.00064789/step, 0.00449924 hours remaining, 184.000000 MB of memory in use.
ETITLE:      TS           BOND          ANGLE          DIHED          IMPRP               ELECT            VDW       BOUNDARY           MISC        KINETIC               TOTAL           TEMP      POTENTIAL         TOTAL3        TEMPAVG            PRESSURE      GPRESSURE         VOLUME       PRESSAVG      GPRESSAVG

ENERGY:   25000      1303.2086      3577.5124      3555.6499       204.8908          -4549.7516     -1198.7857         0.0000         0.0000      4453.4415           7346.1660       296.1250      2892.7245      7399.5931       297.3049             -4.7404        -3.2820   1000000.0000       -16.5500       -16.5183

WRITING COORDINATES TO DCD FILE seg.dcd AT STEP 25000
ENERGY:   25500      1178.6143      3553.1502      3558.6155       193.7188          -4556.9432     -1143.7118         0.0000         0.0000      4488.3310           7271.7748       298.4449      2783.4439      7329.0056       298.6194             10.2091        12.2973   1000000.0000        -1.2357        -1.2372

WRITING COORDINATES TO DCD FILE seg.dcd AT STEP 25500
WRITING COORDINATES TO DCD FILE seg.dcd AT STEP 26000
TIMING: 26000  CPU: 17.1495, 0.000646805/step  Wall: 17.5195, 0.000650166/step, 0.00433444 hours remaining, 184.000000 MB of memory in use.
ENERGY:   26000      1265.6687      3534.6280      3569.3084       190.3932          -4558.7766     -1222.6755         0.0000         0.0000      4397.1765           7175.7227       292.3837      2778.5462      7230.5511       296.5152            -78.0193       -76.3811   1000000.0000        -3.9057        -3.8793

ENERGY:   26500      1265.1975      3494.0720      3565.9705       213.6618          -4553.4876     -1165.5548         0.0000         0.0000      4430.7238           7250.5833       294.6144      2819.8594      7305.3113       293.5905             14.0004        15.1156   1000000.0000        -8.4234        -8.3904

WRITING COORDINATES TO DCD FILE seg.dcd AT STEP 26500
WRITING COORDINATES TO DCD FILE seg.dcd AT STEP 27000
TIMING: 27000  CPU: 17.7989, 0.000649394/step  Wall: 18.1723, 0.000652758/step, 0.0041704 hours remaining, 184.000000 MB of memory in use.
ENERGY:   27000      1280.2930      3557.4130      3538.4962       217.4606          -4531.0101     -1212.4246         0.0000         0.0000      4428.7279           7278.9559       294.4817      2850.2280      7332.1794       295.2930            -88.3411       -85.6715   1000000.0000        12.3161        12.3059

ENERGY:   27500      1223.6117      3584.6186      3554.1594       210.4246          -4538.1655     -1227.4323         0.0000         0.0000      4553.1099           7360.3263       302.7523      2807.2164      7417.6789       297.9626            -30.6614       -29.1022   1000000.0000        -6.9124        -6.9138

WRITING COORDINATES TO DCD FILE seg.dcd AT STEP 27500
WRITING COORDINATES TO DCD FILE seg.dcd AT STEP 28000
TIMING: 28000  CPU: 18.4299, 0.000630992/step  Wall: 18.8077, 0.000635353/step, 0.00388271 hours remaining, 184.000000 MB of memory in use.
ENERGY:   28000      1194.3385      3642.9544      3552.1143       203.3882          -4538.7833     -1210.5523         0.0000         0.0000      4568.1429           7411.6028       303.7519      2843.4598      7472.2706       298.5212             -8.5343        -7.8963   1000000.0000        -5.4035        -5.4016

ENERGY:   28500      1318.2342      3534.2688      3584.2357       207.3850          -4560.8910     -1195.5687         0.0000         0.0000      4492.5394           7380.2034       298.7247      2887.6640      7436.1188       300.6252            -97.1316       -96.3105   1000000.0000         8.2986         8.2917

WRITING COORDINATES TO DCD FILE seg.dcd AT STEP 28500
WRITING COORDINATES TO DCD FILE seg.dcd AT STEP 29000
TIMING: 29000  CPU: 19.0659, 0.000635936/step  Wall: 19.4471, 0.000639427/step, 0.00372999 hours remaining, 184.250000 MB of memory in use.
ENERGY:   29000      1217.9203      3588.9201      3541.4030       211.2822          -4550.3707     -1151.0641         0.0000         0.0000      4483.0737           7341.1646       298.0953      2858.0909      7398.0667       299.0245             29.5569        30.5500   1000000.0000        -5.3493        -5.3514

ENERGY:   29500      1258.4486      3503.8351      3544.6845       203.7071          -4540.4934     -1168.3916         0.0000         0.0000      4442.1321           7243.9223       295.3730      2801.7902      7302.7314       297.0376            -40.4897       -38.2472   1000000.0000         3.9085         3.8987

WRITING COORDINATES TO DCD FILE seg.dcd AT STEP 29500
TIMING: 30000  CPU: 19.6925, 0.00062667/step  Wall: 20.0774, 0.000630357/step, 0.00350198 hours remaining, 184.250000 MB of memory in use.
ETITLE:      TS           BOND          ANGLE          DIHED          IMPRP               ELECT            VDW       BOUNDARY           MISC        KINETIC               TOTAL           TEMP      POTENTIAL         TOTAL3        TEMPAVG            PRESSURE      GPRESSURE         VOLUME       PRESSAVG      GPRESSAVG

ENERGY:   30000      1182.9387      3504.8690      3591.0633       232.2150          -4515.2449     -1172.3300         0.0000         0.0000      4541.4221           7364.9333       301.9751      2823.5112      7422.9992       298.3640             59.7975        59.7816   1000000.0000        -5.7763        -5.7396

WRITING EXTENDED SYSTEM TO RESTART FILE AT STEP 30000
WRITING COORDINATES TO DCD FILE seg.dcd AT STEP 30000
WRITING COORDINATES TO RESTART FILE AT STEP 30000
FINISHED WRITING RESTART COORDINATES
WRITING VELOCITIES TO RESTART FILE AT STEP 30000
FINISHED WRITING RESTART VELOCITIES
The last velocity output (seq=30000) takes 0.027 seconds, 184.250 MB of memory in use
ENERGY:   30500      1218.2588      3572.7166      3556.0076       217.1208          -4532.1116     -1147.5404         0.0000         0.0000      4563.6007           7448.0525       303.4498      2884.4518      7507.9995       299.2011             92.0685        93.9448   1000000.0000       -15.0046       -14.9927

WRITING COORDINATES TO DCD FILE seg.dcd AT STEP 30500
WRITING COORDINATES TO DCD FILE seg.dcd AT STEP 31000
TIMING: 31000  CPU: 20.3166, 0.000624087/step  Wall: 20.8275, 0.000750104/step, 0.00395888 hours remaining, 184.250000 MB of memory in use.
ENERGY:   31000      1228.4085      3549.6271      3563.7202       194.6579          -4495.9626     -1169.2761         0.0000         0.0000      4383.1889           7254.3640       291.4536      2871.1751      7307.9540       299.5410              4.4728         6.8710   1000000.0000         0.5039         0.4801

ENERGY:   31500      1226.2732      3577.4361      3534.0253       203.3363          -4622.3911     -1141.5925         0.0000         0.0000      4512.0780           7289.1651       300.0239      2777.0872      7347.8620       296.6072             46.4150        46.0816   1000000.0000        -3.8846        -3.8743

WRITING COORDINATES TO DCD FILE seg.dcd AT STEP 31500
TIMING: 32000  CPU: 20.9383, 0.000621702/step  Wall: 21.4529, 0.000625377/step, 0.00312689 hours remaining, 184.250000 MB of memory in use.
ENERGY:   32000      1245.8719      3573.8751      3531.1833       225.1786          -4484.4954     -1209.3631         0.0000         0.0000      4363.2648           7245.5151       290.1288      2882.2503      7297.4494       296.2489            -17.8270       -16.5641   1000000.0000         3.2996         3.2998

WRITING COORDINATES TO DCD FILE seg.dcd AT STEP 32000
ENERGY:   32500      1239.9534      3455.8687      3554.2676       191.3132          -4492.6311     -1201.9607         0.0000         0.0000      4534.2268           7281.0379       301.4967      2746.8111      7338.3357       295.8096            -31.9490       -30.5266   1000000.0000        -4.7534        -4.7440

WRITING COORDINATES TO DCD FILE seg.dcd AT STEP 32500
TIMING: 33000  CPU: 21.5534, 0.000615052/step  Wall: 22.0721, 0.000619136/step, 0.0029237 hours remaining, 184.250000 MB of memory in use.
ENERGY:   33000      1247.8630      3494.8522      3543.0166       197.2312          -4479.5305     -1216.7731         0.0000         0.0000      4509.0876           7295.7470       299.8251      2786.6594      7352.0558       295.7202            -58.7158       -57.7223   1000000.0000        -2.1614        -2.1459

WRITING COORDINATES TO DCD FILE seg.dcd AT STEP 33000
ENERGY:   33500      1250.0599      3472.9979      3535.5155       207.7224          -4502.3683     -1179.8127         0.0000         0.0000      4487.5650           7271.6796       298.3940      2784.1146      7326.9595       295.9688            -49.6302       -47.4630   1000000.0000       -15.0800       -15.1132

WRITING COORDINATES TO DCD FILE seg.dcd AT STEP 33500
WRITING COORDINATES TO DCD FILE seg.dcd AT STEP 34000
TIMING: 34000  CPU: 22.1736, 0.000620174/step  Wall: 22.6954, 0.000623321/step, 0.00277032 hours remaining, 184.250000 MB of memory in use.
ENERGY:   34000      1269.7537      3553.8128      3513.5383       197.1642          -4560.3904     -1190.7974         0.0000         0.0000      4440.9671           7224.0482       295.2955      2783.0812      7281.5299       296.2877            -27.9982       -25.9500   1000000.0000        -6.8659        -6.8701

ENERGY:   34500      1235.6250      3531.5956      3524.2667       220.1249          -4522.4029     -1204.9453         0.0000         0.0000      4461.3724           7245.6365       296.6523      2784.2641      7302.8757       294.9203            -27.4512       -25.3081   1000000.0000         3.2233         3.2178

WRITING COORDINATES TO DCD FILE seg.dcd AT STEP 34500
TIMING: 35000  CPU: 22.7859, 0.000612381/step  Wall: 23.3115, 0.000616115/step, 0.00256715 hours remaining, 184.250000 MB of memory in use.
ETITLE:      TS           BOND          ANGLE          DIHED          IMPRP               ELECT            VDW       BOUNDARY           MISC        KINETIC               TOTAL           TEMP      POTENTIAL         TOTAL3        TEMPAVG            PRESSURE      GPRESSURE         VOLUME       PRESSAVG      GPRESSAVG

ENERGY:   35000      1220.1665      3535.5425      3545.6662       214.9449          -4499.0381     -1162.3614         0.0000         0.0000      4481.8864           7336.8070       298.0164      2854.9206      7391.6108       297.3039            -42.7159       -41.5970   1000000.0000        -6.0313        -6.0352

WRITING COORDINATES TO DCD FILE seg.dcd AT STEP 35000
ENERGY:   35500      1253.8862      3508.2334      3524.6714       197.0248          -4550.8241     -1112.7766         0.0000         0.0000      4417.2900           7237.5051       293.7211      2820.2151      7290.5407       297.4705             -7.8612        -5.2674   1000000.0000        -4.8712        -4.8639

WRITING COORDINATES TO DCD FILE seg.dcd AT STEP 35500
TIMING: 36000  CPU: 23.4166, 0.000630699/step  Wall: 23.949, 0.000637517/step, 0.00247923 hours remaining, 184.250000 MB of memory in use.
ENERGY:   36000      1211.3166      3570.8815      3586.1786       231.9247          -4549.5602     -1181.3504         0.0000         0.0000      4389.5301           7258.9209       291.8753      2869.3908      7312.1902       295.6379             76.7001        78.1549   1000000.0000        -8.2485        -8.2520

WRITING COORDINATES TO DCD FILE seg.dcd AT STEP 36000
ENERGY:   36500      1249.2844      3517.0227      3585.2275       225.0257          -4582.7417     -1167.8453         0.0000         0.0000      4511.6898           7337.6630       299.9981      2825.9732      7392.4779       297.8686             54.0808        55.1779   1000000.0000        -2.6252        -2.6363

WRITING COORDINATES TO DCD FILE seg.dcd AT STEP 36500
WRITING COORDINATES TO DCD FILE seg.dcd AT STEP 37000
TIMING: 37000  CPU: 24.0609, 0.000644255/step  Wall: 24.5971, 0.000648054/step, 0.00234019 hours remaining, 184.250000 MB of memory in use.
ENERGY:   37000      1266.2177      3539.4102      3519.2127       192.4419          -4561.1507     -1172.5008         0.0000         0.0000      4434.7329           7218.3638       294.8810      2783.6309      7272.2302       297.6087             -5.1799        -2.7330   1000000.0000         1.5194         1.5391

ENERGY:   37500      1288.8739      3512.8762      3554.6229       215.2447          -4560.8674     -1196.5368         0.0000         0.0000      4429.2022           7243.4156       294.5132      2814.2134      7297.4864       295.2031            -69.2965       -68.1633   1000000.0000         1.1240         1.1142

WRITING COORDINATES TO DCD FILE seg.dcd AT STEP 37500
TIMING: 38000  CPU: 24.7237, 0.000662788/step  Wall: 25.2652, 0.000668158/step, 0.00222719 hours remaining, 184.250000 MB of memory in use.
ENERGY:   38000      1206.5271      3612.4896      3567.0819       196.8953          -4528.2243     -1190.5113         0.0000         0.0000      4457.5048           7321.7630       296.3951      2864.2582      7376.5966       296.4178             -4.0948        -1.9877   1000000.0000        -5.0517        -5.0681

WRITING COORDINATES TO DCD FILE seg.dcd AT STEP 38000
ENERGY:   38500      1247.5923      3539.6121      3510.0739       204.7078          -4545.3893     -1223.3727         0.0000         0.0000      4620.2035           7353.4277       307.2136      2733.2241      7413.8029       299.2455            -46.1336       -44.5993   1000000.0000        -5.0894        -5.1015

WRITING COORDINATES TO DCD FILE seg.dcd AT STEP 38500
TIMING: 39000  CPU: 25.3744, 0.000650706/step  Wall: 25.9196, 0.00065439/step, 0.00199952 hours remaining, 184.250000 MB of memory in use.
ENERGY:   39000      1243.8103      3591.0255      3558.4879       198.8132          -4639.2795     -1135.1948         0.0000         0.0000      4470.6831           7288.3457       297.2714      2817.6625      7341.4349       298.8334             43.3691        44.6755   1000000.0000         9.6358         9.6133

WRITING COORDINATES TO DCD FILE seg.dcd AT STEP 39000
ENERGY:   39500      1283.8527      3577.2430      3575.8284       223.6411          -4573.3010     -1190.9585         0.0000         0.0000      4425.6549           7321.9607       294.2773      2896.3058      7377.3927       296.0614            -59.6606       -57.6415   1000000.0000        -9.1654        -9.1458

WRITING COORDINATES TO DCD FILE seg.dcd AT STEP 39500
TIMING: 40000  CPU: 26.0287, 0.000654297/step  Wall: 26.5777, 0.000658137/step, 0.00182816 hours remaining, 184.250000 MB of memory in use.
ETITLE:      TS           BOND          ANGLE          DIHED          IMPRP               ELECT            VDW       BOUNDARY           MISC        KINETIC               TOTAL           TEMP      POTENTIAL         TOTAL3        TEMPAVG            PRESSURE      GPRESSURE         VOLUME       PRESSAVG      GPRESSAVG

ENERGY:   40000      1223.7417      3568.2208      3505.2276       199.1721          -4504.4225     -1163.1829         0.0000         0.0000      4427.5369           7256.2936       294.4025      2828.7567      7310.2164       296.9954             54.7428        55.6684   1000000.0000         7.4150         7.4193

WRITING EXTENDED SYSTEM TO RESTART FILE AT STEP 40000
WRITING COORDINATES TO DCD FILE seg.dcd AT STEP 40000
WRITING COORDINATES TO RESTART FILE AT STEP 40000
FINISHED WRITING RESTART COORDINATES
WRITING VELOCITIES TO RESTART FILE AT STEP 40000
FINISHED WRITING RESTART VELOCITIES
The last velocity output (seq=40000) takes 0.037 seconds, 184.250 MB of memory in use
ENERGY:   40500      1271.3877      3534.9215      3518.3038       220.0009          -4572.5122     -1157.4674         0.0000         0.0000      4529.6268           7344.2610       301.1908      2814.6343      7400.8638       296.6399              9.9176        13.5030   1000000.0000        -7.8817        -7.8824

WRITING COORDINATES TO DCD FILE seg.dcd AT STEP 40500
TIMING: 41000  CPU: 26.659, 0.000630324/step  Wall: 27.3321, 0.000754334/step, 0.00188583 hours remaining, 184.250000 MB of memory in use.
ENERGY:   41000      1238.1395      3563.5292      3543.5855       206.7248          -4566.9155     -1130.2667         0.0000         0.0000      4540.6588           7395.4556       301.9243      2854.7967      7449.0596       298.0652             65.8729        65.4255   1000000.0000        -9.7323        -9.7373

WRITING COORDINATES TO DCD FILE seg.dcd AT STEP 41000
ENERGY:   41500      1237.0608      3491.4030      3543.2955       192.8289          -4571.0307     -1173.7059         0.0000         0.0000      4572.8949           7292.7465       304.0678      2719.8516      7351.4021       298.2531             62.0157        65.0450   1000000.0000        -2.8519        -2.8539

WRITING COORDINATES TO DCD FILE seg.dcd AT STEP 41500
TIMING: 42000  CPU: 27.3151, 0.000656071/step  Wall: 27.9914, 0.000659306/step, 0.00146512 hours remaining, 184.250000 MB of memory in use.
ENERGY:   42000      1291.8165      3527.0597      3548.4208       208.5389          -4521.7807     -1180.9363         0.0000         0.0000      4497.1097           7370.2286       299.0286      2873.1189      7422.8747       297.8050            -49.5069       -49.3402   1000000.0000        -0.3510        -0.3152

WRITING COORDINATES TO DCD FILE seg.dcd AT STEP 42000
ENERGY:   42500      1245.0441      3554.2541      3565.5414       225.3433          -4537.9429     -1162.3193         0.0000         0.0000      4412.5721           7302.4928       293.4074      2889.9207      7356.4263       297.7808             69.6068        70.1764   1000000.0000        -1.8160        -1.8080

WRITING COORDINATES TO DCD FILE seg.dcd AT STEP 42500
LDB: ============= START OF LOAD BALANCING ============== 31.954
LDB: ============== END OF LOAD BALANCING =============== 31.954
Info: useSync: 0 useProxySync: 0
LDB: =============== DONE WITH MIGRATION ================ 31.9541
TIMING: 43000  CPU: 27.9681, 0.000653044/step  Wall: 28.648, 0.000656645/step, 0.00127681 hours remaining, 184.250000 MB of memory in use.
ENERGY:   43000      1210.8952      3564.9023      3516.3376       208.7227          -4529.7352     -1203.4075         0.0000         0.0000      4481.1185           7248.8336       297.9653      2767.7151      7301.5121       295.9316             22.6182        23.6214   1000000.0000        -7.5999        -7.5895

WRITING COORDINATES TO DCD FILE seg.dcd AT STEP 43000
ENERGY:   43500      1312.4099      3479.9386      3482.4711       219.3988          -4532.5843     -1183.1303         0.0000         0.0000      4491.8243           7270.3281       298.6772      2778.5038      7324.3627       295.4220            -83.3910       -80.9278   1000000.0000        -9.7604        -9.7804

WRITING COORDINATES TO DCD FILE seg.dcd AT STEP 43500
LDB: ============= START OF LOAD BALANCING ============== 32.6563
LDB: TIME 32.6564 LOAD: AVG 0.0844187 MAX 0.190791  PROXIES: TOTAL 250 MAXPE 18 MAXPATCH 6 None MEM: 184.25 MB
LDB: TIME 32.6564 LOAD: AVG 0.0844187 MAX 0.190791  PROXIES: TOTAL 250 MAXPE 18 MAXPATCH 6 RefineTorusLB MEM: 184.25 MB
LDB: TIME 32.6565 LOAD: AVG 0.0844187 MAX 0.190791  PROXIES: TOTAL 250 MAXPE 18 MAXPATCH 6 RefineTorusLB MEM: 184.25 MB
LDB: ============== END OF LOAD BALANCING =============== 32.6565
Info: useSync: 0 useProxySync: 0
LDB: =============== DONE WITH MIGRATION ================ 32.6567
TIMING: 44000  CPU: 28.6167, 0.000648615/step  Wall: 29.3506, 0.000702561/step, 0.00117093 hours remaining, 184.250000 MB of memory in use.
ENERGY:   44000      1259.8832      3582.6061      3539.3143       199.6119          -4585.3614     -1192.2025         0.0000         0.0000      4493.4409           7297.2924       298.7847      2803.8515      7356.8005       297.5632             40.0997        41.0662   1000000.0000        -3.2612        -3.2776

WRITING COORDINATES TO DCD FILE seg.dcd AT STEP 44000
ENERGY:   44500      1236.6857      3515.8211      3575.6698       193.9717          -4561.6212     -1138.3922         0.0000         0.0000      4436.2611           7258.3960       294.9826      2822.1349      7310.8321       297.6654             -9.0149        -6.7713   1000000.0000        -1.8623        -1.8471

WRITING COORDINATES TO DCD FILE seg.dcd AT STEP 44500
TIMING: 45000  CPU: 29.2752, 0.000658434/step  Wall: 30.0124, 0.000661786/step, 0.000919147 hours remaining, 184.250000 MB of memory in use.
ETITLE:      TS           BOND          ANGLE          DIHED          IMPRP               ELECT            VDW       BOUNDARY           MISC        KINETIC               TOTAL           TEMP      POTENTIAL         TOTAL3        TEMPAVG            PRESSURE      GPRESSURE         VOLUME       PRESSAVG      GPRESSAVG

ENERGY:   45000      1287.9990      3524.2104      3532.8488       205.2933          -4610.1354     -1125.9621         0.0000         0.0000      4478.4508           7292.7048       297.7879      2814.2540      7351.9174       298.1958            -21.4054       -20.8780   1000000.0000        -7.9517        -7.9429

WRITING COORDINATES TO DCD FILE seg.dcd AT STEP 45000
ENERGY:   45500      1232.4971      3598.5068      3555.5520       184.9935          -4559.9479     -1198.1925         0.0000         0.0000      4439.1231           7252.5322       295.1729      2813.4091      7306.0652       298.4154             -4.5310        -2.5092   1000000.0000         4.5352         4.5205

WRITING COORDINATES TO DCD FILE seg.dcd AT STEP 45500
WRITING COORDINATES TO DCD FILE seg.dcd AT STEP 46000
TIMING: 46000  CPU: 29.9082, 0.000633012/step  Wall: 30.6488, 0.000636467/step, 0.000707186 hours remaining, 184.250000 MB of memory in use.
ENERGY:   46000      1246.1384      3497.8508      3548.4784       205.2361          -4559.2002     -1180.5768         0.0000         0.0000      4437.9158           7195.8422       295.0926      2757.9265      7253.0070       294.9645             15.8745        16.8780   1000000.0000       -14.6311       -14.6165

ENERGY:   46500      1268.2731      3510.3293      3500.4712       199.9289          -4538.6930     -1189.3081         0.0000         0.0000      4427.8560           7178.8575       294.4237      2751.0015      7230.9180       293.0139             -9.7796        -8.1236   1000000.0000       -14.8742       -14.8629

WRITING COORDINATES TO DCD FILE seg.dcd AT STEP 46500
TIMING: 47000  CPU: 30.5398, 0.000631614/step  Wall: 31.285, 0.000636116/step, 0.000530097 hours remaining, 184.250000 MB of memory in use.
ENERGY:   47000      1272.3030      3451.1472      3568.1062       215.7786          -4566.0772     -1139.3978         0.0000         0.0000      4431.2141           7233.0742       294.6470      2801.8601      7285.3742       294.7660             35.2577        37.4108   1000000.0000         2.2679         2.2768

WRITING COORDINATES TO DCD FILE seg.dcd AT STEP 47000
ENERGY:   47500      1197.4082      3604.8620      3561.4876       217.7179          -4593.4586     -1146.8356         0.0000         0.0000      4405.8692           7247.0508       292.9617      2841.1815      7298.7634       294.4184             73.4996        75.3256   1000000.0000       -11.8679       -11.8629

WRITING COORDINATES TO DCD FILE seg.dcd AT STEP 47500
TIMING: 48000  CPU: 31.1776, 0.000637814/step  Wall: 31.926, 0.000641062/step, 0.000356146 hours remaining, 184.500000 MB of memory in use.
ENERGY:   48000      1276.2052      3509.8219      3544.9473       215.6539          -4593.1271     -1132.5383         0.0000         0.0000      4447.7587           7268.7215       295.7471      2820.9628      7325.8689       297.5589            -26.0027       -24.9123   1000000.0000         3.4527         3.4604

WRITING COORDINATES TO DCD FILE seg.dcd AT STEP 48000
ENERGY:   48500      1204.2225      3611.6822      3533.5683       212.7534          -4557.1663     -1210.2095         0.0000         0.0000      4542.0236           7336.8741       302.0151      2794.8505      7391.5632       298.4390              4.6526         3.0266   1000000.0000       -19.6093       -19.6427

WRITING COORDINATES TO DCD FILE seg.dcd AT STEP 48500
TIMING: 49000  CPU: 31.7852, 0.00060758/step  Wall: 32.5379, 0.000611857/step, 0.00016996 hours remaining, 184.500000 MB of memory in use.
ENERGY:   49000      1263.4160      3572.3891      3556.1774       212.5598          -4593.3011     -1130.3906         0.0000         0.0000      4490.1461           7370.9966       298.5656      2880.8505      7425.9881       299.3329            -51.3732       -50.2087   1000000.0000         0.1009         0.1112

WRITING COORDINATES TO DCD FILE seg.dcd AT STEP 49000
ENERGY:   49500      1243.0442      3564.9402      3532.5130       182.1012          -4582.4385     -1114.4212         0.0000         0.0000      4470.7186           7296.4575       297.2738      2825.7389      7351.4133       298.3418             19.0265        20.6110   1000000.0000       -11.1314       -11.1523

WRITING COORDINATES TO DCD FILE seg.dcd AT STEP 49500
TIMING: 50000  CPU: 32.4204, 0.000635188/step  Wall: 33.1774, 0.000639544/step, 0 hours remaining, 184.500000 MB of memory in use.
ETITLE:      TS           BOND          ANGLE          DIHED          IMPRP               ELECT            VDW       BOUNDARY           MISC        KINETIC               TOTAL           TEMP      POTENTIAL         TOTAL3        TEMPAVG            PRESSURE      GPRESSURE         VOLUME       PRESSAVG      GPRESSAVG

ENERGY:   50000      1239.3816      3555.2406      3565.5954       196.1682          -4517.8641     -1223.7848         0.0000         0.0000      4419.7728           7234.5097       293.8862      2814.7369      7289.5404       296.5203            -72.6193       -71.1468   1000000.0000         1.3652         1.3746

WRITING EXTENDED SYSTEM TO RESTART FILE AT STEP 50000
WRITING COORDINATES TO DCD FILE seg.dcd AT STEP 50000
WRITING COORDINATES TO RESTART FILE AT STEP 50000
FINISHED WRITING RESTART COORDINATES
WRITING VELOCITIES TO RESTART FILE AT STEP 50000
FINISHED WRITING RESTART VELOCITIES
The last velocity output (seq=50000) takes 0.044 seconds, 184.500 MB of memory in use
WRITING EXTENDED SYSTEM TO OUTPUT FILE AT STEP 50000
WRITING COORDINATES TO OUTPUT FILE AT STEP 50000
CLOSING COORDINATE DCD FILE seg.dcd
WRITING VELOCITIES TO OUTPUT FILE AT STEP 50000
====================================================

WallClock: 36.739765  CPUTime: 35.667877  Memory: 184.500000 MB
[Partition 0][Node 0] End of program
